#
# There is insufficient memory for the Java Runtime Environment to continue.
# Native memory allocation (malloc) failed to allocate 1062736 bytes for Chunk::new
# Possible reasons:
#   The system is out of physical RAM or swap space
#   The process is running with CompressedOops enabled, and the Java Heap may be blocking the growth of the native heap
# Possible solutions:
#   Reduce memory load on the system
#   Increase physical memory or swap space
#   Check if swap backing store is full
#   Decrease Java heap size (-Xmx/-Xms)
#   Decrease number of Java threads
#   Decrease Java thread stack sizes (-Xss)
#   Set larger code cache with -XX:ReservedCodeCacheSize=
#   JVM is running with Unscaled Compressed Oops mode in which the Java heap is
#     placed in the first 4GB address space. The Java Heap base address is the
#     maximum limit for the native heap growth. Please use -XX:HeapBaseMinAddress
#     to set the Java Heap base and to place the Java Heap above 4GB virtual address.
# This output file may be truncated or incomplete.
#
#  Out of Memory Error (arena.cpp:191), pid=19252, tid=8256
#
# JRE version: OpenJDK Runtime Environment Corretto-17.0.10.7.1 (17.0.10+7) (build 17.0.10+7-LTS)
# Java VM: OpenJDK 64-Bit Server VM Corretto-17.0.10.7.1 (17.0.10+7-LTS, mixed mode, sharing, tiered, compressed oops, compressed class ptrs, g1 gc, windows-amd64)
# No core dump will be written. Minidumps are not enabled by default on client versions of Windows
#

---------------  S U M M A R Y ------------

Command Line: --add-opens=java.base/java.util=ALL-UNNAMED --add-opens=java.base/java.lang=ALL-UNNAMED --add-opens=java.base/java.lang.invoke=ALL-UNNAMED --add-opens=java.prefs/java.util.prefs=ALL-UNNAMED --add-opens=java.base/java.nio.charset=ALL-UNNAMED --add-opens=java.base/java.net=ALL-UNNAMED --add-opens=java.base/java.util.concurrent.atomic=ALL-UNNAMED -XX:MaxMetaspaceSize=384m -XX:+HeapDumpOnOutOfMemoryError -Xms256m -Xmx512m -Dfile.encoding=utf8 -Duser.country=KR -Duser.language=ko -Duser.variant -javaagent:C:\Users\HP\.gradle\wrapper\dists\gradle-8.7-bin\bhs2wmbdwecv87pi65oeuq5iu\gradle-8.7\lib\agents\gradle-instrumentation-agent-8.7.jar org.gradle.launcher.daemon.bootstrap.GradleDaemon 8.7

Host: AMD Ryzen 5 PRO 4650U with Radeon Graphics, 12 cores, 7G,  Windows 11 , 64 bit Build 22621 (10.0.22621.3374)
Time: Sun May 12 01:10:30 2024  Windows 11 , 64 bit Build 22621 (10.0.22621.3374) elapsed time: 3643.075142 seconds (0d 1h 0m 43s)

---------------  T H R E A D  ---------------

Current thread (0x000001bbdc290b00):  JavaThread "C2 CompilerThread0" daemon [_thread_in_native, id=8256, stack(0x000000403e300000,0x000000403e400000)]


Current CompileTask:
C2:3643075 16891       4       io.spring.gradle.dependencymanagement.org.apache.maven.model.io.xpp3.MavenXpp3Reader::parseDeveloper (517 bytes)

Stack: [0x000000403e300000,0x000000403e400000]
Native frames: (J=compiled Java code, j=interpreted, Vv=VM code, C=native code)
V  [jvm.dll+0x67d2c9]
V  [jvm.dll+0x834b1a]
V  [jvm.dll+0x8365de]
V  [jvm.dll+0x836c43]
V  [jvm.dll+0x2477ff]
V  [jvm.dll+0xac514]
V  [jvm.dll+0xacb5c]
V  [jvm.dll+0x366782]
V  [jvm.dll+0x1bcf72]
V  [jvm.dll+0x21a049]
V  [jvm.dll+0x219311]
V  [jvm.dll+0x1a502d]
V  [jvm.dll+0x2290de]
V  [jvm.dll+0x2272ac]
V  [jvm.dll+0x7e9bd7]
V  [jvm.dll+0x7e3fda]
V  [jvm.dll+0x67c1b5]
C  [ucrtbase.dll+0x29333]
C  [KERNEL32.DLL+0x1257d]
C  [ntdll.dll+0x5aa48]


---------------  P R O C E S S  ---------------

Threads class SMR info:
_java_thread_list=0x000001bbdc87f760, length=110, elements={
0x000001bbc127eda0, 0x000001bbdc26f290, 0x000001bbdc270170, 0x000001bbdc28c1d0,
0x000001bbdc28cba0, 0x000001bbdc28f580, 0x000001bbdc28fe50, 0x000001bbdc290b00,
0x000001bbdc292570, 0x000001bbdc296e90, 0x000001bbdc25be60, 0x000001bbdc548390,
0x000001bbf6d6d340, 0x000001bbf6048880, 0x000001bbf6e2b040, 0x000001bbdc650b70,
0x000001bbdc651080, 0x000001bbdc6524c0, 0x000001bbdc651aa0, 0x000001bbdc651fb0,
0x000001bbdc9952a0, 0x000001bbdc993e60, 0x000001bbdc995cc0, 0x000001bbdc9957b0,
0x000001bbdc998a50, 0x000001bbdc991af0, 0x000001bbdc997610, 0x000001bbdc996bf0,
0x000001bbdc997b20, 0x000001bbdc998030, 0x000001bbdc998540, 0x000001bbdc998f60,
0x000001bbdc992000, 0x000001bbf79d9940, 0x000001bbf9cef140, 0x000001bbf9cebea0,
0x000001bbf9cec3b0, 0x000001bbf9ced2e0, 0x000001bbf9ce86f0, 0x000001bbf9ce8c00,
0x000001bbf9ce81e0, 0x000001bbf9ceec30, 0x000001bbf9ceb480, 0x000001bbf9cecdd0,
0x000001bbf9ce9b30, 0x000001bbf9ce9110, 0x000001bbf9ced7f0, 0x000001bbf9cea550,
0x000001bbf9cedd00, 0x000001bbf9ce9620, 0x000001bbf9ceaa60, 0x000001bbf9ceb990,
0x000001bbf9cea040, 0x000001bbf9ce7cd0, 0x000001bbf9cee210, 0x000001bbf9cee720,
0x000001bbf9cef650, 0x000001bbf7dba590, 0x000001bbf7dbaaa0, 0x000001bbf7dbb9d0,
0x000001bbf7dbafb0, 0x000001bbf7dbdd40, 0x000001bbf7dbbee0, 0x000001bbf7dbfba0,
0x000001bbf7dbe250, 0x000001bbf7dbce10, 0x000001bbf7dbb4c0, 0x000001bbf7dbe760,
0x000001bbf7dc00b0, 0x000001bbf7dc14f0, 0x000001bbf7dbec70, 0x000001bbf7dba080,
0x000001bbf7dbf180, 0x000001bbf7dbc3f0, 0x000001bbf7dbc900, 0x000001bbf7dbd320,
0x000001bbf7dc05c0, 0x000001bbf7dc0ad0, 0x000001bbf7dc1a00, 0x000001bbf7dc0fe0,
0x000001bbfb1bcae0, 0x000001bbfb1bb190, 0x000001bbfb1bf360, 0x000001bbfb1b9330,
0x000001bbfb1bf870, 0x000001bbfb1bdf20, 0x000001bbfb1bb6a0, 0x000001bbfb1b9840,
0x000001bbfb1b8e20, 0x000001bbfb1ba260, 0x000001bbfb1bbbb0, 0x000001bbfb1bc0c0,
0x000001bbfb1ba770, 0x000001bbfb1b9d50, 0x000001bbfb1bc5d0, 0x000001bbfb1be940,
0x000001bbfb1bcff0, 0x000001bbfb1bd500, 0x000001bbfb1bda10, 0x000001bbfb1be430,
0x000001bbfb1b8910, 0x000001bbfb1bee50, 0x000001bbfb1bfd80, 0x000001bbf79da360,
0x000001bbf79d9e50, 0x000001bbf79d8a10, 0x000001bbf79dc1c0, 0x000001bbf79d8f20,
0x000001bbf79dbcb0, 0x000001bbf79dc6d0
}

Java Threads: ( => current thread )
  0x000001bbc127eda0 JavaThread "main" [_thread_blocked, id=3000, stack(0x000000403d600000,0x000000403d700000)]
  0x000001bbdc26f290 JavaThread "Reference Handler" daemon [_thread_blocked, id=15972, stack(0x000000403dd00000,0x000000403de00000)]
  0x000001bbdc270170 JavaThread "Finalizer" daemon [_thread_blocked, id=3384, stack(0x000000403de00000,0x000000403df00000)]
  0x000001bbdc28c1d0 JavaThread "Signal Dispatcher" daemon [_thread_blocked, id=5860, stack(0x000000403df00000,0x000000403e000000)]
  0x000001bbdc28cba0 JavaThread "Attach Listener" daemon [_thread_blocked, id=5288, stack(0x000000403e000000,0x000000403e100000)]
  0x000001bbdc28f580 JavaThread "Service Thread" daemon [_thread_blocked, id=2404, stack(0x000000403e100000,0x000000403e200000)]
  0x000001bbdc28fe50 JavaThread "Monitor Deflation Thread" daemon [_thread_blocked, id=14116, stack(0x000000403e200000,0x000000403e300000)]
=>0x000001bbdc290b00 JavaThread "C2 CompilerThread0" daemon [_thread_in_native, id=8256, stack(0x000000403e300000,0x000000403e400000)]
  0x000001bbdc292570 JavaThread "C1 CompilerThread0" daemon [_thread_blocked, id=5968, stack(0x000000403e400000,0x000000403e500000)]
  0x000001bbdc296e90 JavaThread "Sweeper thread" daemon [_thread_blocked, id=10968, stack(0x000000403e500000,0x000000403e600000)]
  0x000001bbdc25be60 JavaThread "Common-Cleaner" daemon [_thread_blocked, id=19284, stack(0x000000403e600000,0x000000403e700000)]
  0x000001bbdc548390 JavaThread "Notification Thread" daemon [_thread_blocked, id=5760, stack(0x000000403e700000,0x000000403e800000)]
  0x000001bbf6d6d340 JavaThread "Daemon health stats" [_thread_blocked, id=19816, stack(0x000000403ee00000,0x000000403ef00000)]
  0x000001bbf6048880 JavaThread "Incoming local TCP Connector on port 51090" [_thread_in_native, id=7832, stack(0x000000403ef00000,0x000000403f000000)]
  0x000001bbf6e2b040 JavaThread "Daemon periodic checks" [_thread_blocked, id=4244, stack(0x000000403f000000,0x000000403f100000)]
  0x000001bbdc650b70 JavaThread "Cache worker for journal cache (C:\Users\HP\.gradle\caches\journal-1)" [_thread_blocked, id=3580, stack(0x000000403f800000,0x000000403f900000)]
  0x000001bbdc651080 JavaThread "File lock request listener" [_thread_in_native, id=18044, stack(0x000000403f900000,0x000000403fa00000)]
  0x000001bbdc6524c0 JavaThread "Cache worker for file hash cache (C:\Users\HP\.gradle\caches\8.7\fileHashes)" [_thread_blocked, id=18160, stack(0x000000403fa00000,0x000000403fb00000)]
  0x000001bbdc651aa0 JavaThread "File watcher server" daemon [_thread_in_native, id=14972, stack(0x0000004040000000,0x0000004040100000)]
  0x000001bbdc651fb0 JavaThread "File watcher consumer" daemon [_thread_blocked, id=18304, stack(0x0000004040300000,0x0000004040400000)]
  0x000001bbdc9952a0 JavaThread "jar transforms" [_thread_blocked, id=11008, stack(0x0000004040400000,0x0000004040500000)]
  0x000001bbdc993e60 JavaThread "jar transforms Thread 2" [_thread_blocked, id=8612, stack(0x0000004040500000,0x0000004040600000)]
  0x000001bbdc995cc0 JavaThread "jar transforms Thread 3" [_thread_blocked, id=12592, stack(0x0000004040600000,0x0000004040700000)]
  0x000001bbdc9957b0 JavaThread "Cache worker for file content cache (C:\Users\HP\.gradle\caches\8.7\fileContent)" [_thread_blocked, id=2872, stack(0x0000004040a00000,0x0000004040b00000)]
  0x000001bbdc998a50 JavaThread "jar transforms Thread 4" [_thread_blocked, id=10136, stack(0x0000004040b00000,0x0000004040c00000)]
  0x000001bbdc991af0 JavaThread "jar transforms Thread 5" [_thread_blocked, id=8, stack(0x0000004040c00000,0x0000004040d00000)]
  0x000001bbdc997610 JavaThread "jar transforms Thread 6" [_thread_blocked, id=19108, stack(0x0000004040f00000,0x0000004041000000)]
  0x000001bbdc996bf0 JavaThread "jar transforms Thread 7" [_thread_blocked, id=18264, stack(0x0000004041000000,0x0000004041100000)]
  0x000001bbdc997b20 JavaThread "jar transforms Thread 8" [_thread_blocked, id=2488, stack(0x0000004041100000,0x0000004041200000)]
  0x000001bbdc998030 JavaThread "jar transforms Thread 9" [_thread_blocked, id=2504, stack(0x0000004041200000,0x0000004041300000)]
  0x000001bbdc998540 JavaThread "jar transforms Thread 10" [_thread_blocked, id=19000, stack(0x0000004041300000,0x0000004041400000)]
  0x000001bbdc998f60 JavaThread "jar transforms Thread 11" [_thread_blocked, id=18128, stack(0x0000004041400000,0x0000004041500000)]
  0x000001bbdc992000 JavaThread "jar transforms Thread 12" [_thread_blocked, id=17996, stack(0x0000004041600000,0x0000004041700000)]
  0x000001bbf79d9940 JavaThread "Memory manager" [_thread_blocked, id=9572, stack(0x0000004042d00000,0x0000004042e00000)]
  0x000001bbf9cef140 JavaThread "Daemon Thread 8" [_thread_blocked, id=24584, stack(0x000000403d300000,0x000000403d400000)]
  0x000001bbf9cebea0 JavaThread "Handler for socket connection from /127.0.0.1:51090 to /127.0.0.1:53024" [_thread_in_native, id=22480, stack(0x000000403d400000,0x000000403d500000)]
  0x000001bbf9cec3b0 JavaThread "Cancel handler" [_thread_blocked, id=25404, stack(0x000000403d500000,0x000000403d600000)]
  0x000001bbf9ced2e0 JavaThread "Daemon worker Thread 8" [_thread_in_Java, id=24644, stack(0x000000403f100000,0x000000403f200000)]
  0x000001bbf9ce86f0 JavaThread "Asynchronous log dispatcher for DefaultDaemonConnection: socket connection from /127.0.0.1:51090 to /127.0.0.1:53024" [_thread_blocked, id=24960, stack(0x000000403f200000,0x000000403f300000)]
  0x000001bbf9ce8c00 JavaThread "Stdin handler" [_thread_blocked, id=24656, stack(0x000000403f300000,0x000000403f400000)]
  0x000001bbf9ce81e0 JavaThread "Daemon client event forwarder" [_thread_blocked, id=23528, stack(0x000000403f400000,0x000000403f500000)]
  0x000001bbf9ceec30 JavaThread "Cache worker for file hash cache (C:\Users\HP\OneDrive-gachon\Desktop\CarKey\.gradle\8.7\fileHashes)" [_thread_blocked, id=7712, stack(0x000000403f500000,0x000000403f600000)]
  0x000001bbf9ceb480 JavaThread "Cache worker for checksums cache (C:\Users\HP\OneDrive-gachon\Desktop\CarKey\.gradle\8.7\checksums)" [_thread_blocked, id=5940, stack(0x000000403f600000,0x000000403f700000)]
  0x000001bbf9cecdd0 JavaThread "Cache worker for cache directory md-supplier (C:\Users\HP\.gradle\caches\8.7\md-supplier)" [_thread_blocked, id=22988, stack(0x000000403f700000,0x000000403f800000)]
  0x000001bbf9ce9b30 JavaThread "Cache worker for cache directory md-rule (C:\Users\HP\.gradle\caches\8.7\md-rule)" [_thread_blocked, id=16852, stack(0x000000403ff00000,0x0000004040000000)]
  0x000001bbf9ce9110 JavaThread "Cache worker for Build Output Cleanup Cache (C:\Users\HP\OneDrive-gachon\Desktop\CarKey\.gradle\buildOutputCleanup)" [_thread_blocked, id=12336, stack(0x0000004040700000,0x0000004040800000)]
  0x000001bbf9ced7f0 JavaThread "Unconstrained build operations" [_thread_blocked, id=5240, stack(0x0000004040800000,0x0000004040900000)]
  0x000001bbf9cea550 JavaThread "Unconstrained build operations Thread 2" [_thread_blocked, id=20816, stack(0x0000004040900000,0x0000004040a00000)]
  0x000001bbf9cedd00 JavaThread "Unconstrained build operations Thread 3" [_thread_blocked, id=20008, stack(0x0000004041500000,0x0000004041600000)]
  0x000001bbf9ce9620 JavaThread "Unconstrained build operations Thread 4" [_thread_blocked, id=6004, stack(0x0000004041700000,0x0000004041800000)]
  0x000001bbf9ceaa60 JavaThread "Unconstrained build operations Thread 5" [_thread_blocked, id=19692, stack(0x0000004041800000,0x0000004041900000)]
  0x000001bbf9ceb990 JavaThread "Unconstrained build operations Thread 6" [_thread_blocked, id=22868, stack(0x0000004041900000,0x0000004041a00000)]
  0x000001bbf9cea040 JavaThread "Unconstrained build operations Thread 7" [_thread_blocked, id=1208, stack(0x0000004041a00000,0x0000004041b00000)]
  0x000001bbf9ce7cd0 JavaThread "Unconstrained build operations Thread 8" [_thread_blocked, id=5420, stack(0x0000004041b00000,0x0000004041c00000)]
  0x000001bbf9cee210 JavaThread "Unconstrained build operations Thread 9" [_thread_blocked, id=18024, stack(0x0000004041c00000,0x0000004041d00000)]
  0x000001bbf9cee720 JavaThread "Unconstrained build operations Thread 10" [_thread_blocked, id=23436, stack(0x0000004041d00000,0x0000004041e00000)]
  0x000001bbf9cef650 JavaThread "Unconstrained build operations Thread 11" [_thread_blocked, id=25204, stack(0x0000004041e00000,0x0000004041f00000)]
  0x000001bbf7dba590 JavaThread "Unconstrained build operations Thread 12" [_thread_blocked, id=21964, stack(0x0000004041f00000,0x0000004042000000)]
  0x000001bbf7dbaaa0 JavaThread "Unconstrained build operations Thread 13" [_thread_blocked, id=10512, stack(0x0000004042000000,0x0000004042100000)]
  0x000001bbf7dbb9d0 JavaThread "Unconstrained build operations Thread 14" [_thread_blocked, id=17348, stack(0x0000004042100000,0x0000004042200000)]
  0x000001bbf7dbafb0 JavaThread "Unconstrained build operations Thread 15" [_thread_blocked, id=11676, stack(0x0000004042200000,0x0000004042300000)]
  0x000001bbf7dbdd40 JavaThread "Unconstrained build operations Thread 16" [_thread_blocked, id=22188, stack(0x0000004042300000,0x0000004042400000)]
  0x000001bbf7dbbee0 JavaThread "Unconstrained build operations Thread 17" [_thread_blocked, id=25216, stack(0x0000004042400000,0x0000004042500000)]
  0x000001bbf7dbfba0 JavaThread "Unconstrained build operations Thread 18" [_thread_blocked, id=21968, stack(0x0000004042500000,0x0000004042600000)]
  0x000001bbf7dbe250 JavaThread "Unconstrained build operations Thread 19" [_thread_blocked, id=20120, stack(0x0000004042600000,0x0000004042700000)]
  0x000001bbf7dbce10 JavaThread "Unconstrained build operations Thread 20" [_thread_blocked, id=24792, stack(0x0000004042700000,0x0000004042800000)]
  0x000001bbf7dbb4c0 JavaThread "Unconstrained build operations Thread 21" [_thread_blocked, id=19440, stack(0x0000004042800000,0x0000004042900000)]
  0x000001bbf7dbe760 JavaThread "Unconstrained build operations Thread 22" [_thread_blocked, id=14464, stack(0x0000004042900000,0x0000004042a00000)]
  0x000001bbf7dc00b0 JavaThread "Unconstrained build operations Thread 23" [_thread_blocked, id=18032, stack(0x0000004042a00000,0x0000004042b00000)]
  0x000001bbf7dc14f0 JavaThread "Unconstrained build operations Thread 24" [_thread_blocked, id=24000, stack(0x0000004042b00000,0x0000004042c00000)]
  0x000001bbf7dbec70 JavaThread "Unconstrained build operations Thread 25" [_thread_blocked, id=24112, stack(0x0000004042c00000,0x0000004042d00000)]
  0x000001bbf7dba080 JavaThread "Unconstrained build operations Thread 26" [_thread_blocked, id=5328, stack(0x0000004042e00000,0x0000004042f00000)]
  0x000001bbf7dbf180 JavaThread "Unconstrained build operations Thread 27" [_thread_blocked, id=22548, stack(0x0000004042f00000,0x0000004043000000)]
  0x000001bbf7dbc3f0 JavaThread "Unconstrained build operations Thread 28" [_thread_blocked, id=5588, stack(0x0000004043000000,0x0000004043100000)]
  0x000001bbf7dbc900 JavaThread "Unconstrained build operations Thread 29" [_thread_blocked, id=4928, stack(0x0000004043100000,0x0000004043200000)]
  0x000001bbf7dbd320 JavaThread "Unconstrained build operations Thread 30" [_thread_blocked, id=23904, stack(0x0000004043200000,0x0000004043300000)]
  0x000001bbf7dc05c0 JavaThread "Unconstrained build operations Thread 31" [_thread_blocked, id=24628, stack(0x0000004043300000,0x0000004043400000)]
  0x000001bbf7dc0ad0 JavaThread "Unconstrained build operations Thread 32" [_thread_blocked, id=20616, stack(0x0000004043400000,0x0000004043500000)]
  0x000001bbf7dc1a00 JavaThread "Unconstrained build operations Thread 33" [_thread_blocked, id=22656, stack(0x0000004043500000,0x0000004043600000)]
  0x000001bbf7dc0fe0 JavaThread "Unconstrained build operations Thread 34" [_thread_blocked, id=24052, stack(0x0000004043600000,0x0000004043700000)]
  0x000001bbfb1bcae0 JavaThread "Unconstrained build operations Thread 35" [_thread_blocked, id=9716, stack(0x0000004043700000,0x0000004043800000)]
  0x000001bbfb1bb190 JavaThread "Unconstrained build operations Thread 36" [_thread_blocked, id=21184, stack(0x0000004043800000,0x0000004043900000)]
  0x000001bbfb1bf360 JavaThread "Unconstrained build operations Thread 37" [_thread_blocked, id=24728, stack(0x0000004043900000,0x0000004043a00000)]
  0x000001bbfb1b9330 JavaThread "Unconstrained build operations Thread 38" [_thread_blocked, id=21580, stack(0x0000004043a00000,0x0000004043b00000)]
  0x000001bbfb1bf870 JavaThread "Unconstrained build operations Thread 39" [_thread_blocked, id=25032, stack(0x0000004043b00000,0x0000004043c00000)]
  0x000001bbfb1bdf20 JavaThread "Unconstrained build operations Thread 40" [_thread_blocked, id=24324, stack(0x0000004043c00000,0x0000004043d00000)]
  0x000001bbfb1bb6a0 JavaThread "Unconstrained build operations Thread 41" [_thread_blocked, id=12076, stack(0x0000004043d00000,0x0000004043e00000)]
  0x000001bbfb1b9840 JavaThread "Unconstrained build operations Thread 42" [_thread_blocked, id=19780, stack(0x0000004043e00000,0x0000004043f00000)]
  0x000001bbfb1b8e20 JavaThread "Unconstrained build operations Thread 43" [_thread_blocked, id=16660, stack(0x0000004043f00000,0x0000004044000000)]
  0x000001bbfb1ba260 JavaThread "Unconstrained build operations Thread 44" [_thread_blocked, id=10040, stack(0x0000004044000000,0x0000004044100000)]
  0x000001bbfb1bbbb0 JavaThread "Unconstrained build operations Thread 45" [_thread_blocked, id=12640, stack(0x0000004044100000,0x0000004044200000)]
  0x000001bbfb1bc0c0 JavaThread "Unconstrained build operations Thread 46" [_thread_blocked, id=20104, stack(0x0000004044200000,0x0000004044300000)]
  0x000001bbfb1ba770 JavaThread "Unconstrained build operations Thread 47" [_thread_blocked, id=16108, stack(0x0000004044300000,0x0000004044400000)]
  0x000001bbfb1b9d50 JavaThread "Unconstrained build operations Thread 48" [_thread_blocked, id=23828, stack(0x0000004044400000,0x0000004044500000)]
  0x000001bbfb1bc5d0 JavaThread "Unconstrained build operations Thread 49" [_thread_blocked, id=21752, stack(0x0000004044500000,0x0000004044600000)]
  0x000001bbfb1be940 JavaThread "Unconstrained build operations Thread 50" [_thread_blocked, id=17540, stack(0x0000004044600000,0x0000004044700000)]
  0x000001bbfb1bcff0 JavaThread "Unconstrained build operations Thread 51" [_thread_blocked, id=24632, stack(0x0000004044700000,0x0000004044800000)]
  0x000001bbfb1bd500 JavaThread "Unconstrained build operations Thread 52" [_thread_blocked, id=17956, stack(0x0000004044800000,0x0000004044900000)]
  0x000001bbfb1bda10 JavaThread "Unconstrained build operations Thread 53" [_thread_blocked, id=22664, stack(0x0000004044900000,0x0000004044a00000)]
  0x000001bbfb1be430 JavaThread "Unconstrained build operations Thread 54" [_thread_blocked, id=23204, stack(0x0000004044a00000,0x0000004044b00000)]
  0x000001bbfb1b8910 JavaThread "Unconstrained build operations Thread 55" [_thread_blocked, id=25508, stack(0x0000004044b00000,0x0000004044c00000)]
  0x000001bbfb1bee50 JavaThread "Unconstrained build operations Thread 56" [_thread_blocked, id=4644, stack(0x0000004044c00000,0x0000004044d00000)]
  0x000001bbfb1bfd80 JavaThread "Unconstrained build operations Thread 57" [_thread_blocked, id=22376, stack(0x0000004044d00000,0x0000004044e00000)]
  0x000001bbf79da360 JavaThread "Unconstrained build operations Thread 58" [_thread_blocked, id=3552, stack(0x0000004044e00000,0x0000004044f00000)]
  0x000001bbf79d9e50 JavaThread "Unconstrained build operations Thread 59" [_thread_blocked, id=2528, stack(0x0000004044f00000,0x0000004045000000)]
  0x000001bbf79d8a10 JavaThread "Unconstrained build operations Thread 60" [_thread_blocked, id=25548, stack(0x0000004045000000,0x0000004045100000)]
  0x000001bbf79dc1c0 JavaThread "Unconstrained build operations Thread 61" [_thread_blocked, id=14144, stack(0x0000004045100000,0x0000004045200000)]
  0x000001bbf79d8f20 JavaThread "Unconstrained build operations Thread 62" [_thread_blocked, id=24824, stack(0x0000004045200000,0x0000004045300000)]
  0x000001bbf79dbcb0 JavaThread "Unconstrained build operations Thread 63" [_thread_blocked, id=24484, stack(0x0000004045300000,0x0000004045400000)]
  0x000001bbf79dc6d0 JavaThread "Unconstrained build operations Thread 64" [_thread_blocked, id=19224, stack(0x0000004045400000,0x0000004045500000)]

Other Threads:
  0x000001bbdc26b160 VMThread "VM Thread" [stack: 0x000000403dc00000,0x000000403dd00000] [id=6944]
  0x000001bbc1280880 WatcherThread [stack: 0x000000403e800000,0x000000403e900000] [id=11452]
  0x000001bbc12ad5b0 GCTaskThread "GC Thread#0" [stack: 0x000000403d700000,0x000000403d800000] [id=11836]
  0x000001bbdc7577c0 GCTaskThread "GC Thread#1" [stack: 0x000000403e900000,0x000000403ea00000] [id=1836]
  0x000001bbdc757a80 GCTaskThread "GC Thread#2" [stack: 0x000000403ea00000,0x000000403eb00000] [id=15748]
  0x000001bbdcc5ddc0 GCTaskThread "GC Thread#3" [stack: 0x000000403eb00000,0x000000403ec00000] [id=18640]
  0x000001bbdcc5e480 GCTaskThread "GC Thread#4" [stack: 0x000000403ec00000,0x000000403ed00000] [id=15736]
  0x000001bbdc79f1b0 GCTaskThread "GC Thread#5" [stack: 0x000000403ed00000,0x000000403ee00000] [id=18292]
  0x000001bbf631d660 GCTaskThread "GC Thread#6" [stack: 0x000000403fb00000,0x000000403fc00000] [id=18148]
  0x000001bbf6eb5610 GCTaskThread "GC Thread#7" [stack: 0x000000403fc00000,0x000000403fd00000] [id=18336]
  0x000001bbf777d440 GCTaskThread "GC Thread#8" [stack: 0x000000403fd00000,0x000000403fe00000] [id=17284]
  0x000001bbdc90af60 GCTaskThread "GC Thread#9" [stack: 0x000000403fe00000,0x000000403ff00000] [id=17528]
  0x000001bbc12b32c0 ConcurrentGCThread "G1 Main Marker" [stack: 0x000000403d800000,0x000000403d900000] [id=16816]
  0x000001bbc12b3a90 ConcurrentGCThread "G1 Conc#0" [stack: 0x000000403d900000,0x000000403da00000] [id=2688]
  0x000001bbf614df20 ConcurrentGCThread "G1 Conc#1" [stack: 0x0000004040100000,0x0000004040200000] [id=16960]
  0x000001bbf614f520 ConcurrentGCThread "G1 Conc#2" [stack: 0x0000004040200000,0x0000004040300000] [id=14232]
  0x000001bbc132e3c0 ConcurrentGCThread "G1 Refine#0" [stack: 0x000000403da00000,0x000000403db00000] [id=1708]
  0x000001bbf7e8cca0 ConcurrentGCThread "G1 Refine#1" [stack: 0x0000004040d00000,0x0000004040e00000] [id=4748]
  0x000001bbf7b3bf30 ConcurrentGCThread "G1 Refine#2" [stack: 0x0000004040e00000,0x0000004040f00000] [id=18920]
  0x000001bbf724e9a0 ConcurrentGCThread "G1 Refine#3" [stack: 0x0000004046700000,0x0000004046800000] [id=9468]
  0x000001bbf724ec90 ConcurrentGCThread "G1 Refine#4" [stack: 0x0000004046800000,0x0000004046900000] [id=12968]
  0x000001bbc132eba0 ConcurrentGCThread "G1 Service" [stack: 0x000000403db00000,0x000000403dc00000] [id=16072]

Threads with active compile tasks:
C2 CompilerThread0  3643229 16891       4       io.spring.gradle.dependencymanagement.org.apache.maven.model.io.xpp3.MavenXpp3Reader::parseDeveloper (517 bytes)

VM state: not at safepoint (normal execution)

VM Mutex/Monitor currently owned by a thread: None

Heap address: 0x00000000e0000000, size: 512 MB, Compressed Oops mode: 32-bit

CDS archive(s) mapped at: [0x000001bbdd000000-0x000001bbddbb0000-0x000001bbddbb0000), size 12255232, SharedBaseAddress: 0x000001bbdd000000, ArchiveRelocationMode: 1.
Compressed class space mapped at: 0x000001bbde000000-0x000001bbf2000000, reserved size: 335544320
Narrow klass base: 0x000001bbdd000000, Narrow klass shift: 0, Narrow klass range: 0x100000000

GC Precious Log:
 CPUs: 12 total, 12 available
 Memory: 7505M
 Large Page Support: Disabled
 NUMA Support: Disabled
 Compressed Oops: Enabled (32-bit)
 Heap Region Size: 1M
 Heap Min Capacity: 256M
 Heap Initial Capacity: 256M
 Heap Max Capacity: 512M
 Pre-touch: Disabled
 Parallel Workers: 10
 Concurrent Workers: 3
 Concurrent Refinement Workers: 10
 Periodic GC: Disabled

Heap:
 garbage-first heap   total 262144K, used 80611K [0x00000000e0000000, 0x0000000100000000)
  region size 1024K, 20 young (20480K), 8 survivors (8192K)
 Metaspace       used 64644K, committed 65536K, reserved 393216K
  class space    used 8761K, committed 9216K, reserved 327680K

Heap Regions: E=young(eden), S=young(survivor), O=old, HS=humongous(starts), HC=humongous(continues), CS=collection set, F=free, OA=open archive, CA=closed archive, TAMS=top-at-mark-start (previous, next)
|   0|0x00000000e0000000, 0x00000000e0100000, 0x00000000e0100000|100%|HS|  |TAMS 0x00000000e0100000, 0x00000000e0000000| Complete 
|   1|0x00000000e0100000, 0x00000000e0200000, 0x00000000e0200000|100%|HC|  |TAMS 0x00000000e0200000, 0x00000000e0100000| Complete 
|   2|0x00000000e0200000, 0x00000000e0300000, 0x00000000e0300000|100%|HC|  |TAMS 0x00000000e0300000, 0x00000000e0200000| Complete 
|   3|0x00000000e0300000, 0x00000000e0400000, 0x00000000e0400000|100%|HC|  |TAMS 0x00000000e0400000, 0x00000000e0300000| Complete 
|   4|0x00000000e0400000, 0x00000000e0500000, 0x00000000e0500000|100%| O|  |TAMS 0x00000000e0500000, 0x00000000e0400000| Untracked 
|   5|0x00000000e0500000, 0x00000000e0600000, 0x00000000e0600000|100%| O|  |TAMS 0x00000000e0600000, 0x00000000e0500000| Untracked 
|   6|0x00000000e0600000, 0x00000000e0700000, 0x00000000e0700000|100%| O|  |TAMS 0x00000000e0700000, 0x00000000e0600000| Untracked 
|   7|0x00000000e0700000, 0x00000000e0800000, 0x00000000e0800000|100%| O|  |TAMS 0x00000000e0800000, 0x00000000e0700000| Untracked 
|   8|0x00000000e0800000, 0x00000000e0900000, 0x00000000e0900000|100%| O|  |TAMS 0x00000000e0900000, 0x00000000e0800000| Untracked 
|   9|0x00000000e0900000, 0x00000000e0a00000, 0x00000000e0a00000|100%| O|  |TAMS 0x00000000e0900000, 0x00000000e0900000| Untracked 
|  10|0x00000000e0a00000, 0x00000000e0b00000, 0x00000000e0b00000|100%| O|  |TAMS 0x00000000e0b00000, 0x00000000e0a00000| Untracked 
|  11|0x00000000e0b00000, 0x00000000e0c00000, 0x00000000e0c00000|100%| O|  |TAMS 0x00000000e0c00000, 0x00000000e0b00000| Untracked 
|  12|0x00000000e0c00000, 0x00000000e0d00000, 0x00000000e0d00000|100%| O|  |TAMS 0x00000000e0d00000, 0x00000000e0c00000| Untracked 
|  13|0x00000000e0d00000, 0x00000000e0e00000, 0x00000000e0e00000|100%| O|  |TAMS 0x00000000e0d00000, 0x00000000e0d00000| Untracked 
|  14|0x00000000e0e00000, 0x00000000e0f00000, 0x00000000e0f00000|100%| O|  |TAMS 0x00000000e0e00000, 0x00000000e0e00000| Untracked 
|  15|0x00000000e0f00000, 0x00000000e1000000, 0x00000000e1000000|100%| O|  |TAMS 0x00000000e1000000, 0x00000000e0f00000| Untracked 
|  16|0x00000000e1000000, 0x00000000e1100000, 0x00000000e1100000|100%| O|  |TAMS 0x00000000e1100000, 0x00000000e1000000| Untracked 
|  17|0x00000000e1100000, 0x00000000e1200000, 0x00000000e1200000|100%| O|  |TAMS 0x00000000e1200000, 0x00000000e1100000| Untracked 
|  18|0x00000000e1200000, 0x00000000e1300000, 0x00000000e1300000|100%| O|  |TAMS 0x00000000e1300000, 0x00000000e1200000| Untracked 
|  19|0x00000000e1300000, 0x00000000e1400000, 0x00000000e1400000|100%| O|  |TAMS 0x00000000e1400000, 0x00000000e1300000| Untracked 
|  20|0x00000000e1400000, 0x00000000e1500000, 0x00000000e1500000|100%| O|  |TAMS 0x00000000e1500000, 0x00000000e1400000| Untracked 
|  21|0x00000000e1500000, 0x00000000e1600000, 0x00000000e1600000|100%| O|  |TAMS 0x00000000e1600000, 0x00000000e1500000| Untracked 
|  22|0x00000000e1600000, 0x00000000e1700000, 0x00000000e1700000|100%| O|  |TAMS 0x00000000e1700000, 0x00000000e1600000| Untracked 
|  23|0x00000000e1700000, 0x00000000e1800000, 0x00000000e1800000|100%| O|  |TAMS 0x00000000e1800000, 0x00000000e1700000| Untracked 
|  24|0x00000000e1800000, 0x00000000e1900000, 0x00000000e1900000|100%| O|  |TAMS 0x00000000e1900000, 0x00000000e1800000| Untracked 
|  25|0x00000000e1900000, 0x00000000e1a00000, 0x00000000e1a00000|100%| O|  |TAMS 0x00000000e1a00000, 0x00000000e1900000| Untracked 
|  26|0x00000000e1a00000, 0x00000000e1b00000, 0x00000000e1b00000|100%| O|  |TAMS 0x00000000e1b00000, 0x00000000e1a00000| Untracked 
|  27|0x00000000e1b00000, 0x00000000e1c00000, 0x00000000e1c00000|100%| O|  |TAMS 0x00000000e1c00000, 0x00000000e1b00000| Untracked 
|  28|0x00000000e1c00000, 0x00000000e1d00000, 0x00000000e1d00000|100%| O|  |TAMS 0x00000000e1d00000, 0x00000000e1c00000| Untracked 
|  29|0x00000000e1d00000, 0x00000000e1e00000, 0x00000000e1e00000|100%| O|  |TAMS 0x00000000e1e00000, 0x00000000e1d00000| Untracked 
|  30|0x00000000e1e00000, 0x00000000e1f00000, 0x00000000e1f00000|100%| O|  |TAMS 0x00000000e1f00000, 0x00000000e1e00000| Untracked 
|  31|0x00000000e1f00000, 0x00000000e2000000, 0x00000000e2000000|100%| O|  |TAMS 0x00000000e2000000, 0x00000000e1f00000| Untracked 
|  32|0x00000000e2000000, 0x00000000e2100000, 0x00000000e2100000|100%| O|  |TAMS 0x00000000e2100000, 0x00000000e2000000| Untracked 
|  33|0x00000000e2100000, 0x00000000e2200000, 0x00000000e2200000|100%| O|  |TAMS 0x00000000e2100000, 0x00000000e2100000| Untracked 
|  34|0x00000000e2200000, 0x00000000e2300000, 0x00000000e2300000|100%| O|  |TAMS 0x00000000e2200000, 0x00000000e2200000| Untracked 
|  35|0x00000000e2300000, 0x00000000e2400000, 0x00000000e2400000|100%| O|  |TAMS 0x00000000e2300000, 0x00000000e2300000| Untracked 
|  36|0x00000000e2400000, 0x00000000e2500000, 0x00000000e2500000|100%| O|  |TAMS 0x00000000e2400000, 0x00000000e2400000| Untracked 
|  37|0x00000000e2500000, 0x00000000e2600000, 0x00000000e2600000|100%| O|  |TAMS 0x00000000e2500000, 0x00000000e2500000| Untracked 
|  38|0x00000000e2600000, 0x00000000e2700000, 0x00000000e2700000|100%| O|  |TAMS 0x00000000e2600000, 0x00000000e2600000| Untracked 
|  39|0x00000000e2700000, 0x00000000e2800000, 0x00000000e2800000|100%| O|  |TAMS 0x00000000e2700000, 0x00000000e2700000| Untracked 
|  40|0x00000000e2800000, 0x00000000e2900000, 0x00000000e2900000|100%| O|  |TAMS 0x00000000e2800000, 0x00000000e2800000| Untracked 
|  41|0x00000000e2900000, 0x00000000e2a00000, 0x00000000e2a00000|100%| O|  |TAMS 0x00000000e2900000, 0x00000000e2900000| Untracked 
|  42|0x00000000e2a00000, 0x00000000e2b00000, 0x00000000e2b00000|100%| O|  |TAMS 0x00000000e2a00000, 0x00000000e2a00000| Untracked 
|  43|0x00000000e2b00000, 0x00000000e2c00000, 0x00000000e2c00000|100%| O|  |TAMS 0x00000000e2b00000, 0x00000000e2b00000| Untracked 
|  44|0x00000000e2c00000, 0x00000000e2d00000, 0x00000000e2d00000|100%| O|  |TAMS 0x00000000e2c00000, 0x00000000e2c00000| Untracked 
|  45|0x00000000e2d00000, 0x00000000e2e00000, 0x00000000e2e00000|100%| O|  |TAMS 0x00000000e2d00000, 0x00000000e2d00000| Untracked 
|  46|0x00000000e2e00000, 0x00000000e2f00000, 0x00000000e2f00000|100%| O|  |TAMS 0x00000000e2e00000, 0x00000000e2e00000| Untracked 
|  47|0x00000000e2f00000, 0x00000000e3000000, 0x00000000e3000000|100%| O|  |TAMS 0x00000000e2f00000, 0x00000000e2f00000| Untracked 
|  48|0x00000000e3000000, 0x00000000e3100000, 0x00000000e3100000|100%| O|  |TAMS 0x00000000e3000000, 0x00000000e3000000| Untracked 
|  49|0x00000000e3100000, 0x00000000e3200000, 0x00000000e3200000|100%| O|  |TAMS 0x00000000e3100000, 0x00000000e3100000| Untracked 
|  50|0x00000000e3200000, 0x00000000e3300000, 0x00000000e3300000|100%| O|  |TAMS 0x00000000e3200000, 0x00000000e3200000| Untracked 
|  51|0x00000000e3300000, 0x00000000e3400000, 0x00000000e3400000|100%| O|  |TAMS 0x00000000e3300000, 0x00000000e3300000| Untracked 
|  52|0x00000000e3400000, 0x00000000e3500000, 0x00000000e3500000|100%| O|  |TAMS 0x00000000e3400000, 0x00000000e3400000| Untracked 
|  53|0x00000000e3500000, 0x00000000e3600000, 0x00000000e3600000|100%| O|  |TAMS 0x00000000e3500000, 0x00000000e3500000| Untracked 
|  54|0x00000000e3600000, 0x00000000e3700000, 0x00000000e3700000|100%| O|  |TAMS 0x00000000e3600000, 0x00000000e3600000| Untracked 
|  55|0x00000000e3700000, 0x00000000e3800000, 0x00000000e3800000|100%| O|  |TAMS 0x00000000e3700000, 0x00000000e3700000| Untracked 
|  56|0x00000000e3800000, 0x00000000e3900000, 0x00000000e3900000|100%| O|  |TAMS 0x00000000e3800000, 0x00000000e3800000| Untracked 
|  57|0x00000000e3900000, 0x00000000e3a00000, 0x00000000e3a00000|100%| O|  |TAMS 0x00000000e3900000, 0x00000000e3900000| Untracked 
|  58|0x00000000e3a00000, 0x00000000e3b00000, 0x00000000e3b00000|100%| O|  |TAMS 0x00000000e3a00000, 0x00000000e3a00000| Untracked 
|  59|0x00000000e3b00000, 0x00000000e3c00000, 0x00000000e3c00000|100%| O|  |TAMS 0x00000000e3b00000, 0x00000000e3b00000| Untracked 
|  60|0x00000000e3c00000, 0x00000000e3c57600, 0x00000000e3d00000| 34%| O|  |TAMS 0x00000000e3c00000, 0x00000000e3c00000| Untracked 
|  61|0x00000000e3d00000, 0x00000000e3d00000, 0x00000000e3e00000|  0%| F|  |TAMS 0x00000000e3d00000, 0x00000000e3d00000| Untracked 
|  62|0x00000000e3e00000, 0x00000000e3e00000, 0x00000000e3f00000|  0%| F|  |TAMS 0x00000000e3e00000, 0x00000000e3e00000| Untracked 
|  63|0x00000000e3f00000, 0x00000000e3f00000, 0x00000000e4000000|  0%| F|  |TAMS 0x00000000e3f00000, 0x00000000e3f00000| Untracked 
|  64|0x00000000e4000000, 0x00000000e4000000, 0x00000000e4100000|  0%| F|  |TAMS 0x00000000e4000000, 0x00000000e4000000| Untracked 
|  65|0x00000000e4100000, 0x00000000e4100000, 0x00000000e4200000|  0%| F|  |TAMS 0x00000000e4100000, 0x00000000e4100000| Untracked 
|  66|0x00000000e4200000, 0x00000000e4200000, 0x00000000e4300000|  0%| F|  |TAMS 0x00000000e4200000, 0x00000000e4200000| Untracked 
|  67|0x00000000e4300000, 0x00000000e4300000, 0x00000000e4400000|  0%| F|  |TAMS 0x00000000e4300000, 0x00000000e4300000| Untracked 
|  68|0x00000000e4400000, 0x00000000e4400000, 0x00000000e4500000|  0%| F|  |TAMS 0x00000000e4400000, 0x00000000e4400000| Untracked 
|  69|0x00000000e4500000, 0x00000000e4500000, 0x00000000e4600000|  0%| F|  |TAMS 0x00000000e4500000, 0x00000000e4500000| Untracked 
|  70|0x00000000e4600000, 0x00000000e4600000, 0x00000000e4700000|  0%| F|  |TAMS 0x00000000e4600000, 0x00000000e4600000| Untracked 
|  71|0x00000000e4700000, 0x00000000e4700000, 0x00000000e4800000|  0%| F|  |TAMS 0x00000000e4700000, 0x00000000e4700000| Untracked 
|  72|0x00000000e4800000, 0x00000000e4800000, 0x00000000e4900000|  0%| F|  |TAMS 0x00000000e4800000, 0x00000000e4800000| Untracked 
|  73|0x00000000e4900000, 0x00000000e4900000, 0x00000000e4a00000|  0%| F|  |TAMS 0x00000000e4900000, 0x00000000e4900000| Untracked 
|  74|0x00000000e4a00000, 0x00000000e4a00000, 0x00000000e4b00000|  0%| F|  |TAMS 0x00000000e4a00000, 0x00000000e4a00000| Untracked 
|  75|0x00000000e4b00000, 0x00000000e4b00000, 0x00000000e4c00000|  0%| F|  |TAMS 0x00000000e4b00000, 0x00000000e4b00000| Untracked 
|  76|0x00000000e4c00000, 0x00000000e4c00000, 0x00000000e4d00000|  0%| F|  |TAMS 0x00000000e4c00000, 0x00000000e4c00000| Untracked 
|  77|0x00000000e4d00000, 0x00000000e4d00000, 0x00000000e4e00000|  0%| F|  |TAMS 0x00000000e4d00000, 0x00000000e4d00000| Untracked 
|  78|0x00000000e4e00000, 0x00000000e4e00000, 0x00000000e4f00000|  0%| F|  |TAMS 0x00000000e4e00000, 0x00000000e4e00000| Untracked 
|  79|0x00000000e4f00000, 0x00000000e4f00000, 0x00000000e5000000|  0%| F|  |TAMS 0x00000000e4f00000, 0x00000000e4f00000| Untracked 
|  80|0x00000000e5000000, 0x00000000e5000000, 0x00000000e5100000|  0%| F|  |TAMS 0x00000000e5000000, 0x00000000e5000000| Untracked 
|  81|0x00000000e5100000, 0x00000000e5100000, 0x00000000e5200000|  0%| F|  |TAMS 0x00000000e5100000, 0x00000000e5100000| Untracked 
|  82|0x00000000e5200000, 0x00000000e5200000, 0x00000000e5300000|  0%| F|  |TAMS 0x00000000e5200000, 0x00000000e5200000| Untracked 
|  83|0x00000000e5300000, 0x00000000e5300000, 0x00000000e5400000|  0%| F|  |TAMS 0x00000000e5300000, 0x00000000e5300000| Untracked 
|  84|0x00000000e5400000, 0x00000000e5400000, 0x00000000e5500000|  0%| F|  |TAMS 0x00000000e5400000, 0x00000000e5400000| Untracked 
|  85|0x00000000e5500000, 0x00000000e5500000, 0x00000000e5600000|  0%| F|  |TAMS 0x00000000e5500000, 0x00000000e5500000| Untracked 
|  86|0x00000000e5600000, 0x00000000e5600000, 0x00000000e5700000|  0%| F|  |TAMS 0x00000000e5600000, 0x00000000e5600000| Untracked 
|  87|0x00000000e5700000, 0x00000000e5700000, 0x00000000e5800000|  0%| F|  |TAMS 0x00000000e5700000, 0x00000000e5700000| Untracked 
|  88|0x00000000e5800000, 0x00000000e5800000, 0x00000000e5900000|  0%| F|  |TAMS 0x00000000e5800000, 0x00000000e5800000| Untracked 
|  89|0x00000000e5900000, 0x00000000e5900000, 0x00000000e5a00000|  0%| F|  |TAMS 0x00000000e5900000, 0x00000000e5900000| Untracked 
|  90|0x00000000e5a00000, 0x00000000e5a00000, 0x00000000e5b00000|  0%| F|  |TAMS 0x00000000e5a00000, 0x00000000e5a00000| Untracked 
|  91|0x00000000e5b00000, 0x00000000e5b00000, 0x00000000e5c00000|  0%| F|  |TAMS 0x00000000e5b00000, 0x00000000e5b00000| Untracked 
|  92|0x00000000e5c00000, 0x00000000e5c00000, 0x00000000e5d00000|  0%| F|  |TAMS 0x00000000e5c00000, 0x00000000e5c00000| Untracked 
|  93|0x00000000e5d00000, 0x00000000e5d00000, 0x00000000e5e00000|  0%| F|  |TAMS 0x00000000e5d00000, 0x00000000e5d00000| Untracked 
|  94|0x00000000e5e00000, 0x00000000e5e00000, 0x00000000e5f00000|  0%| F|  |TAMS 0x00000000e5e00000, 0x00000000e5e00000| Untracked 
|  95|0x00000000e5f00000, 0x00000000e5f00000, 0x00000000e6000000|  0%| F|  |TAMS 0x00000000e5f00000, 0x00000000e5f00000| Untracked 
|  96|0x00000000e6000000, 0x00000000e6000000, 0x00000000e6100000|  0%| F|  |TAMS 0x00000000e6000000, 0x00000000e6000000| Untracked 
|  97|0x00000000e6100000, 0x00000000e6100000, 0x00000000e6200000|  0%| F|  |TAMS 0x00000000e6100000, 0x00000000e6100000| Untracked 
|  98|0x00000000e6200000, 0x00000000e62619c0, 0x00000000e6300000| 38%| S|CS|TAMS 0x00000000e6200000, 0x00000000e6200000| Complete 
|  99|0x00000000e6300000, 0x00000000e6400000, 0x00000000e6400000|100%| S|CS|TAMS 0x00000000e6300000, 0x00000000e6300000| Complete 
| 100|0x00000000e6400000, 0x00000000e6500000, 0x00000000e6500000|100%| S|CS|TAMS 0x00000000e6400000, 0x00000000e6400000| Complete 
| 101|0x00000000e6500000, 0x00000000e6600000, 0x00000000e6600000|100%| S|CS|TAMS 0x00000000e6500000, 0x00000000e6500000| Complete 
| 102|0x00000000e6600000, 0x00000000e6700000, 0x00000000e6700000|100%| S|CS|TAMS 0x00000000e6600000, 0x00000000e6600000| Complete 
| 103|0x00000000e6700000, 0x00000000e6800000, 0x00000000e6800000|100%| S|CS|TAMS 0x00000000e6700000, 0x00000000e6700000| Complete 
| 104|0x00000000e6800000, 0x00000000e6800000, 0x00000000e6900000|  0%| F|  |TAMS 0x00000000e6800000, 0x00000000e6800000| Untracked 
| 105|0x00000000e6900000, 0x00000000e6900000, 0x00000000e6a00000|  0%| F|  |TAMS 0x00000000e6900000, 0x00000000e6900000| Untracked 
| 106|0x00000000e6a00000, 0x00000000e6a00000, 0x00000000e6b00000|  0%| F|  |TAMS 0x00000000e6a00000, 0x00000000e6a00000| Untracked 
| 107|0x00000000e6b00000, 0x00000000e6b00000, 0x00000000e6c00000|  0%| F|  |TAMS 0x00000000e6b00000, 0x00000000e6b00000| Untracked 
| 108|0x00000000e6c00000, 0x00000000e6c00000, 0x00000000e6d00000|  0%| F|  |TAMS 0x00000000e6c00000, 0x00000000e6c00000| Untracked 
| 109|0x00000000e6d00000, 0x00000000e6e00000, 0x00000000e6e00000|100%| S|CS|TAMS 0x00000000e6d00000, 0x00000000e6d00000| Complete 
| 110|0x00000000e6e00000, 0x00000000e6f00000, 0x00000000e6f00000|100%| S|CS|TAMS 0x00000000e6e00000, 0x00000000e6e00000| Complete 
| 111|0x00000000e6f00000, 0x00000000e6f00000, 0x00000000e7000000|  0%| F|  |TAMS 0x00000000e6f00000, 0x00000000e6f00000| Untracked 
| 112|0x00000000e7000000, 0x00000000e7000000, 0x00000000e7100000|  0%| F|  |TAMS 0x00000000e7000000, 0x00000000e7000000| Untracked 
| 113|0x00000000e7100000, 0x00000000e7100000, 0x00000000e7200000|  0%| F|  |TAMS 0x00000000e7100000, 0x00000000e7100000| Untracked 
| 114|0x00000000e7200000, 0x00000000e7200000, 0x00000000e7300000|  0%| F|  |TAMS 0x00000000e7200000, 0x00000000e7200000| Untracked 
| 115|0x00000000e7300000, 0x00000000e7300000, 0x00000000e7400000|  0%| F|  |TAMS 0x00000000e7300000, 0x00000000e7300000| Untracked 
| 116|0x00000000e7400000, 0x00000000e7400000, 0x00000000e7500000|  0%| F|  |TAMS 0x00000000e7400000, 0x00000000e7400000| Untracked 
| 117|0x00000000e7500000, 0x00000000e7500000, 0x00000000e7600000|  0%| F|  |TAMS 0x00000000e7500000, 0x00000000e7500000| Untracked 
| 118|0x00000000e7600000, 0x00000000e7600000, 0x00000000e7700000|  0%| F|  |TAMS 0x00000000e7600000, 0x00000000e7600000| Untracked 
| 119|0x00000000e7700000, 0x00000000e7700000, 0x00000000e7800000|  0%| F|  |TAMS 0x00000000e7700000, 0x00000000e7700000| Untracked 
| 120|0x00000000e7800000, 0x00000000e7800000, 0x00000000e7900000|  0%| F|  |TAMS 0x00000000e7800000, 0x00000000e7800000| Untracked 
| 121|0x00000000e7900000, 0x00000000e7900000, 0x00000000e7a00000|  0%| F|  |TAMS 0x00000000e7900000, 0x00000000e7900000| Untracked 
| 122|0x00000000e7a00000, 0x00000000e7a00000, 0x00000000e7b00000|  0%| F|  |TAMS 0x00000000e7a00000, 0x00000000e7a00000| Untracked 
| 123|0x00000000e7b00000, 0x00000000e7b00000, 0x00000000e7c00000|  0%| F|  |TAMS 0x00000000e7b00000, 0x00000000e7b00000| Untracked 
| 124|0x00000000e7c00000, 0x00000000e7c00000, 0x00000000e7d00000|  0%| F|  |TAMS 0x00000000e7c00000, 0x00000000e7c00000| Untracked 
| 125|0x00000000e7d00000, 0x00000000e7d00000, 0x00000000e7e00000|  0%| F|  |TAMS 0x00000000e7d00000, 0x00000000e7d00000| Untracked 
| 126|0x00000000e7e00000, 0x00000000e7e00000, 0x00000000e7f00000|  0%| F|  |TAMS 0x00000000e7e00000, 0x00000000e7e00000| Untracked 
| 127|0x00000000e7f00000, 0x00000000e7f00000, 0x00000000e8000000|  0%| F|  |TAMS 0x00000000e7f00000, 0x00000000e7f00000| Untracked 
| 128|0x00000000e8000000, 0x00000000e8000000, 0x00000000e8100000|  0%| F|  |TAMS 0x00000000e8000000, 0x00000000e8000000| Untracked 
| 129|0x00000000e8100000, 0x00000000e8100000, 0x00000000e8200000|  0%| F|  |TAMS 0x00000000e8100000, 0x00000000e8100000| Untracked 
| 130|0x00000000e8200000, 0x00000000e8200000, 0x00000000e8300000|  0%| F|  |TAMS 0x00000000e8200000, 0x00000000e8200000| Untracked 
| 131|0x00000000e8300000, 0x00000000e8300000, 0x00000000e8400000|  0%| F|  |TAMS 0x00000000e8300000, 0x00000000e8300000| Untracked 
| 132|0x00000000e8400000, 0x00000000e8400000, 0x00000000e8500000|  0%| F|  |TAMS 0x00000000e8400000, 0x00000000e8400000| Untracked 
| 133|0x00000000e8500000, 0x00000000e8500000, 0x00000000e8600000|  0%| F|  |TAMS 0x00000000e8500000, 0x00000000e8500000| Untracked 
| 134|0x00000000e8600000, 0x00000000e8600000, 0x00000000e8700000|  0%| F|  |TAMS 0x00000000e8600000, 0x00000000e8600000| Untracked 
| 135|0x00000000e8700000, 0x00000000e8700000, 0x00000000e8800000|  0%| F|  |TAMS 0x00000000e8700000, 0x00000000e8700000| Untracked 
| 136|0x00000000e8800000, 0x00000000e8800000, 0x00000000e8900000|  0%| F|  |TAMS 0x00000000e8800000, 0x00000000e8800000| Untracked 
| 137|0x00000000e8900000, 0x00000000e8900000, 0x00000000e8a00000|  0%| F|  |TAMS 0x00000000e8900000, 0x00000000e8900000| Untracked 
| 138|0x00000000e8a00000, 0x00000000e8a00000, 0x00000000e8b00000|  0%| F|  |TAMS 0x00000000e8a00000, 0x00000000e8a00000| Untracked 
| 139|0x00000000e8b00000, 0x00000000e8b00000, 0x00000000e8c00000|  0%| F|  |TAMS 0x00000000e8b00000, 0x00000000e8b00000| Untracked 
| 140|0x00000000e8c00000, 0x00000000e8c00000, 0x00000000e8d00000|  0%| F|  |TAMS 0x00000000e8c00000, 0x00000000e8c00000| Untracked 
| 141|0x00000000e8d00000, 0x00000000e8d00000, 0x00000000e8e00000|  0%| F|  |TAMS 0x00000000e8d00000, 0x00000000e8d00000| Untracked 
| 142|0x00000000e8e00000, 0x00000000e8e00000, 0x00000000e8f00000|  0%| F|  |TAMS 0x00000000e8e00000, 0x00000000e8e00000| Untracked 
| 143|0x00000000e8f00000, 0x00000000e8f00000, 0x00000000e9000000|  0%| F|  |TAMS 0x00000000e8f00000, 0x00000000e8f00000| Untracked 
| 144|0x00000000e9000000, 0x00000000e9000000, 0x00000000e9100000|  0%| F|  |TAMS 0x00000000e9000000, 0x00000000e9000000| Untracked 
| 145|0x00000000e9100000, 0x00000000e9100000, 0x00000000e9200000|  0%| F|  |TAMS 0x00000000e9100000, 0x00000000e9100000| Untracked 
| 146|0x00000000e9200000, 0x00000000e9200000, 0x00000000e9300000|  0%| F|  |TAMS 0x00000000e9200000, 0x00000000e9200000| Untracked 
| 147|0x00000000e9300000, 0x00000000e9300000, 0x00000000e9400000|  0%| F|  |TAMS 0x00000000e9300000, 0x00000000e9300000| Untracked 
| 148|0x00000000e9400000, 0x00000000e9400000, 0x00000000e9500000|  0%| F|  |TAMS 0x00000000e9400000, 0x00000000e9400000| Untracked 
| 149|0x00000000e9500000, 0x00000000e9500000, 0x00000000e9600000|  0%| F|  |TAMS 0x00000000e9500000, 0x00000000e9500000| Untracked 
| 150|0x00000000e9600000, 0x00000000e9600000, 0x00000000e9700000|  0%| F|  |TAMS 0x00000000e9600000, 0x00000000e9600000| Untracked 
| 151|0x00000000e9700000, 0x00000000e9700000, 0x00000000e9800000|  0%| F|  |TAMS 0x00000000e9700000, 0x00000000e9700000| Untracked 
| 152|0x00000000e9800000, 0x00000000e9800000, 0x00000000e9900000|  0%| F|  |TAMS 0x00000000e9800000, 0x00000000e9800000| Untracked 
| 153|0x00000000e9900000, 0x00000000e9900000, 0x00000000e9a00000|  0%| F|  |TAMS 0x00000000e9900000, 0x00000000e9900000| Untracked 
| 154|0x00000000e9a00000, 0x00000000e9a00000, 0x00000000e9b00000|  0%| F|  |TAMS 0x00000000e9a00000, 0x00000000e9a00000| Untracked 
| 155|0x00000000e9b00000, 0x00000000e9b00000, 0x00000000e9c00000|  0%| F|  |TAMS 0x00000000e9b00000, 0x00000000e9b00000| Untracked 
| 156|0x00000000e9c00000, 0x00000000e9c00000, 0x00000000e9d00000|  0%| F|  |TAMS 0x00000000e9c00000, 0x00000000e9c00000| Untracked 
| 157|0x00000000e9d00000, 0x00000000e9d00000, 0x00000000e9e00000|  0%| F|  |TAMS 0x00000000e9d00000, 0x00000000e9d00000| Untracked 
| 158|0x00000000e9e00000, 0x00000000e9e00000, 0x00000000e9f00000|  0%| F|  |TAMS 0x00000000e9e00000, 0x00000000e9e00000| Untracked 
| 159|0x00000000e9f00000, 0x00000000e9f00000, 0x00000000ea000000|  0%| F|  |TAMS 0x00000000e9f00000, 0x00000000e9f00000| Untracked 
| 160|0x00000000ea000000, 0x00000000ea000000, 0x00000000ea100000|  0%| F|  |TAMS 0x00000000ea000000, 0x00000000ea000000| Untracked 
| 161|0x00000000ea100000, 0x00000000ea100000, 0x00000000ea200000|  0%| F|  |TAMS 0x00000000ea100000, 0x00000000ea100000| Untracked 
| 162|0x00000000ea200000, 0x00000000ea200000, 0x00000000ea300000|  0%| F|  |TAMS 0x00000000ea200000, 0x00000000ea200000| Untracked 
| 163|0x00000000ea300000, 0x00000000ea300000, 0x00000000ea400000|  0%| F|  |TAMS 0x00000000ea300000, 0x00000000ea300000| Untracked 
| 164|0x00000000ea400000, 0x00000000ea400000, 0x00000000ea500000|  0%| F|  |TAMS 0x00000000ea400000, 0x00000000ea400000| Untracked 
| 165|0x00000000ea500000, 0x00000000ea500000, 0x00000000ea600000|  0%| F|  |TAMS 0x00000000ea500000, 0x00000000ea500000| Untracked 
| 166|0x00000000ea600000, 0x00000000ea600000, 0x00000000ea700000|  0%| F|  |TAMS 0x00000000ea600000, 0x00000000ea600000| Untracked 
| 167|0x00000000ea700000, 0x00000000ea700000, 0x00000000ea800000|  0%| F|  |TAMS 0x00000000ea700000, 0x00000000ea700000| Untracked 
| 168|0x00000000ea800000, 0x00000000ea800000, 0x00000000ea900000|  0%| F|  |TAMS 0x00000000ea800000, 0x00000000ea800000| Untracked 
| 169|0x00000000ea900000, 0x00000000ea900000, 0x00000000eaa00000|  0%| F|  |TAMS 0x00000000ea900000, 0x00000000ea900000| Untracked 
| 170|0x00000000eaa00000, 0x00000000eaa00000, 0x00000000eab00000|  0%| F|  |TAMS 0x00000000eaa00000, 0x00000000eaa00000| Untracked 
| 171|0x00000000eab00000, 0x00000000eab00000, 0x00000000eac00000|  0%| F|  |TAMS 0x00000000eab00000, 0x00000000eab00000| Untracked 
| 172|0x00000000eac00000, 0x00000000eac00000, 0x00000000ead00000|  0%| F|  |TAMS 0x00000000eac00000, 0x00000000eac00000| Untracked 
| 173|0x00000000ead00000, 0x00000000ead00000, 0x00000000eae00000|  0%| F|  |TAMS 0x00000000ead00000, 0x00000000ead00000| Untracked 
| 174|0x00000000eae00000, 0x00000000eae00000, 0x00000000eaf00000|  0%| F|  |TAMS 0x00000000eae00000, 0x00000000eae00000| Untracked 
| 175|0x00000000eaf00000, 0x00000000eaf00000, 0x00000000eb000000|  0%| F|  |TAMS 0x00000000eaf00000, 0x00000000eaf00000| Untracked 
| 176|0x00000000eb000000, 0x00000000eb000000, 0x00000000eb100000|  0%| F|  |TAMS 0x00000000eb000000, 0x00000000eb000000| Untracked 
| 177|0x00000000eb100000, 0x00000000eb100000, 0x00000000eb200000|  0%| F|  |TAMS 0x00000000eb100000, 0x00000000eb100000| Untracked 
| 178|0x00000000eb200000, 0x00000000eb200000, 0x00000000eb300000|  0%| F|  |TAMS 0x00000000eb200000, 0x00000000eb200000| Untracked 
| 179|0x00000000eb300000, 0x00000000eb300000, 0x00000000eb400000|  0%| F|  |TAMS 0x00000000eb300000, 0x00000000eb300000| Untracked 
| 180|0x00000000eb400000, 0x00000000eb400000, 0x00000000eb500000|  0%| F|  |TAMS 0x00000000eb400000, 0x00000000eb400000| Untracked 
| 181|0x00000000eb500000, 0x00000000eb500000, 0x00000000eb600000|  0%| F|  |TAMS 0x00000000eb500000, 0x00000000eb500000| Untracked 
| 182|0x00000000eb600000, 0x00000000eb600000, 0x00000000eb700000|  0%| F|  |TAMS 0x00000000eb600000, 0x00000000eb600000| Untracked 
| 183|0x00000000eb700000, 0x00000000eb700000, 0x00000000eb800000|  0%| F|  |TAMS 0x00000000eb700000, 0x00000000eb700000| Untracked 
| 184|0x00000000eb800000, 0x00000000eb800000, 0x00000000eb900000|  0%| F|  |TAMS 0x00000000eb800000, 0x00000000eb800000| Untracked 
| 185|0x00000000eb900000, 0x00000000eb900000, 0x00000000eba00000|  0%| F|  |TAMS 0x00000000eb900000, 0x00000000eb900000| Untracked 
| 186|0x00000000eba00000, 0x00000000eba00000, 0x00000000ebb00000|  0%| F|  |TAMS 0x00000000eba00000, 0x00000000eba00000| Untracked 
| 187|0x00000000ebb00000, 0x00000000ebb00000, 0x00000000ebc00000|  0%| F|  |TAMS 0x00000000ebb00000, 0x00000000ebb00000| Untracked 
| 188|0x00000000ebc00000, 0x00000000ebc00000, 0x00000000ebd00000|  0%| F|  |TAMS 0x00000000ebc00000, 0x00000000ebc00000| Untracked 
| 189|0x00000000ebd00000, 0x00000000ebd00000, 0x00000000ebe00000|  0%| F|  |TAMS 0x00000000ebd00000, 0x00000000ebd00000| Untracked 
| 190|0x00000000ebe00000, 0x00000000ebe00000, 0x00000000ebf00000|  0%| F|  |TAMS 0x00000000ebe00000, 0x00000000ebe00000| Untracked 
| 191|0x00000000ebf00000, 0x00000000ebf00000, 0x00000000ec000000|  0%| F|  |TAMS 0x00000000ebf00000, 0x00000000ebf00000| Untracked 
| 192|0x00000000ec000000, 0x00000000ec000000, 0x00000000ec100000|  0%| F|  |TAMS 0x00000000ec000000, 0x00000000ec000000| Untracked 
| 193|0x00000000ec100000, 0x00000000ec100000, 0x00000000ec200000|  0%| F|  |TAMS 0x00000000ec100000, 0x00000000ec100000| Untracked 
| 194|0x00000000ec200000, 0x00000000ec200000, 0x00000000ec300000|  0%| F|  |TAMS 0x00000000ec200000, 0x00000000ec200000| Untracked 
| 195|0x00000000ec300000, 0x00000000ec300000, 0x00000000ec400000|  0%| F|  |TAMS 0x00000000ec300000, 0x00000000ec300000| Untracked 
| 196|0x00000000ec400000, 0x00000000ec400000, 0x00000000ec500000|  0%| F|  |TAMS 0x00000000ec400000, 0x00000000ec400000| Untracked 
| 197|0x00000000ec500000, 0x00000000ec500000, 0x00000000ec600000|  0%| F|  |TAMS 0x00000000ec500000, 0x00000000ec500000| Untracked 
| 198|0x00000000ec600000, 0x00000000ec600000, 0x00000000ec700000|  0%| F|  |TAMS 0x00000000ec600000, 0x00000000ec600000| Untracked 
| 199|0x00000000ec700000, 0x00000000ec700000, 0x00000000ec800000|  0%| F|  |TAMS 0x00000000ec700000, 0x00000000ec700000| Untracked 
| 200|0x00000000ec800000, 0x00000000ec800000, 0x00000000ec900000|  0%| F|  |TAMS 0x00000000ec800000, 0x00000000ec800000| Untracked 
| 201|0x00000000ec900000, 0x00000000ec900000, 0x00000000eca00000|  0%| F|  |TAMS 0x00000000ec900000, 0x00000000ec900000| Untracked 
| 202|0x00000000eca00000, 0x00000000eca00000, 0x00000000ecb00000|  0%| F|  |TAMS 0x00000000eca00000, 0x00000000eca00000| Untracked 
| 203|0x00000000ecb00000, 0x00000000ecb00000, 0x00000000ecc00000|  0%| F|  |TAMS 0x00000000ecb00000, 0x00000000ecb00000| Untracked 
| 204|0x00000000ecc00000, 0x00000000ecc00000, 0x00000000ecd00000|  0%| F|  |TAMS 0x00000000ecc00000, 0x00000000ecc00000| Untracked 
| 205|0x00000000ecd00000, 0x00000000ecd00000, 0x00000000ece00000|  0%| F|  |TAMS 0x00000000ecd00000, 0x00000000ecd00000| Untracked 
| 206|0x00000000ece00000, 0x00000000ece00000, 0x00000000ecf00000|  0%| F|  |TAMS 0x00000000ece00000, 0x00000000ece00000| Untracked 
| 207|0x00000000ecf00000, 0x00000000ecf00000, 0x00000000ed000000|  0%| F|  |TAMS 0x00000000ecf00000, 0x00000000ecf00000| Untracked 
| 208|0x00000000ed000000, 0x00000000ed000000, 0x00000000ed100000|  0%| F|  |TAMS 0x00000000ed000000, 0x00000000ed000000| Untracked 
| 209|0x00000000ed100000, 0x00000000ed100000, 0x00000000ed200000|  0%| F|  |TAMS 0x00000000ed100000, 0x00000000ed100000| Untracked 
| 210|0x00000000ed200000, 0x00000000ed200000, 0x00000000ed300000|  0%| F|  |TAMS 0x00000000ed200000, 0x00000000ed200000| Untracked 
| 211|0x00000000ed300000, 0x00000000ed300000, 0x00000000ed400000|  0%| F|  |TAMS 0x00000000ed300000, 0x00000000ed300000| Untracked 
| 212|0x00000000ed400000, 0x00000000ed400000, 0x00000000ed500000|  0%| F|  |TAMS 0x00000000ed400000, 0x00000000ed400000| Untracked 
| 213|0x00000000ed500000, 0x00000000ed500000, 0x00000000ed600000|  0%| F|  |TAMS 0x00000000ed500000, 0x00000000ed500000| Untracked 
| 214|0x00000000ed600000, 0x00000000ed600000, 0x00000000ed700000|  0%| F|  |TAMS 0x00000000ed600000, 0x00000000ed600000| Untracked 
| 215|0x00000000ed700000, 0x00000000ed700000, 0x00000000ed800000|  0%| F|  |TAMS 0x00000000ed700000, 0x00000000ed700000| Untracked 
| 216|0x00000000ed800000, 0x00000000ed800000, 0x00000000ed900000|  0%| F|  |TAMS 0x00000000ed800000, 0x00000000ed800000| Untracked 
| 217|0x00000000ed900000, 0x00000000ed900000, 0x00000000eda00000|  0%| F|  |TAMS 0x00000000ed900000, 0x00000000ed900000| Untracked 
| 218|0x00000000eda00000, 0x00000000eda00000, 0x00000000edb00000|  0%| F|  |TAMS 0x00000000eda00000, 0x00000000eda00000| Untracked 
| 219|0x00000000edb00000, 0x00000000edb00000, 0x00000000edc00000|  0%| F|  |TAMS 0x00000000edb00000, 0x00000000edb00000| Untracked 
| 220|0x00000000edc00000, 0x00000000edc00000, 0x00000000edd00000|  0%| F|  |TAMS 0x00000000edc00000, 0x00000000edc00000| Untracked 
| 221|0x00000000edd00000, 0x00000000edd00000, 0x00000000ede00000|  0%| F|  |TAMS 0x00000000edd00000, 0x00000000edd00000| Untracked 
| 222|0x00000000ede00000, 0x00000000ede00000, 0x00000000edf00000|  0%| F|  |TAMS 0x00000000ede00000, 0x00000000ede00000| Untracked 
| 223|0x00000000edf00000, 0x00000000edf00000, 0x00000000ee000000|  0%| F|  |TAMS 0x00000000edf00000, 0x00000000edf00000| Untracked 
| 224|0x00000000ee000000, 0x00000000ee000000, 0x00000000ee100000|  0%| F|  |TAMS 0x00000000ee000000, 0x00000000ee000000| Untracked 
| 225|0x00000000ee100000, 0x00000000ee100000, 0x00000000ee200000|  0%| F|  |TAMS 0x00000000ee100000, 0x00000000ee100000| Untracked 
| 226|0x00000000ee200000, 0x00000000ee200000, 0x00000000ee300000|  0%| F|  |TAMS 0x00000000ee200000, 0x00000000ee200000| Untracked 
| 227|0x00000000ee300000, 0x00000000ee300000, 0x00000000ee400000|  0%| F|  |TAMS 0x00000000ee300000, 0x00000000ee300000| Untracked 
| 228|0x00000000ee400000, 0x00000000ee400000, 0x00000000ee500000|  0%| F|  |TAMS 0x00000000ee400000, 0x00000000ee400000| Untracked 
| 229|0x00000000ee500000, 0x00000000ee500000, 0x00000000ee600000|  0%| F|  |TAMS 0x00000000ee500000, 0x00000000ee500000| Untracked 
| 230|0x00000000ee600000, 0x00000000ee600000, 0x00000000ee700000|  0%| F|  |TAMS 0x00000000ee600000, 0x00000000ee600000| Untracked 
| 231|0x00000000ee700000, 0x00000000ee700000, 0x00000000ee800000|  0%| F|  |TAMS 0x00000000ee700000, 0x00000000ee700000| Untracked 
| 232|0x00000000ee800000, 0x00000000ee800000, 0x00000000ee900000|  0%| F|  |TAMS 0x00000000ee800000, 0x00000000ee800000| Untracked 
| 233|0x00000000ee900000, 0x00000000ee900000, 0x00000000eea00000|  0%| F|  |TAMS 0x00000000ee900000, 0x00000000ee900000| Untracked 
| 234|0x00000000eea00000, 0x00000000eea00000, 0x00000000eeb00000|  0%| F|  |TAMS 0x00000000eea00000, 0x00000000eea00000| Untracked 
| 235|0x00000000eeb00000, 0x00000000eeb00000, 0x00000000eec00000|  0%| F|  |TAMS 0x00000000eeb00000, 0x00000000eeb00000| Untracked 
| 236|0x00000000eec00000, 0x00000000eec00000, 0x00000000eed00000|  0%| F|  |TAMS 0x00000000eec00000, 0x00000000eec00000| Untracked 
| 237|0x00000000eed00000, 0x00000000eed00000, 0x00000000eee00000|  0%| F|  |TAMS 0x00000000eed00000, 0x00000000eed00000| Untracked 
| 238|0x00000000eee00000, 0x00000000eee00000, 0x00000000eef00000|  0%| F|  |TAMS 0x00000000eee00000, 0x00000000eee00000| Untracked 
| 239|0x00000000eef00000, 0x00000000eef00000, 0x00000000ef000000|  0%| F|  |TAMS 0x00000000eef00000, 0x00000000eef00000| Untracked 
| 240|0x00000000ef000000, 0x00000000ef000000, 0x00000000ef100000|  0%| F|  |TAMS 0x00000000ef000000, 0x00000000ef000000| Untracked 
| 241|0x00000000ef100000, 0x00000000ef100000, 0x00000000ef200000|  0%| F|  |TAMS 0x00000000ef100000, 0x00000000ef100000| Untracked 
| 242|0x00000000ef200000, 0x00000000ef200000, 0x00000000ef300000|  0%| F|  |TAMS 0x00000000ef200000, 0x00000000ef200000| Untracked 
| 243|0x00000000ef300000, 0x00000000ef3cc4a0, 0x00000000ef400000| 79%| E|  |TAMS 0x00000000ef300000, 0x00000000ef300000| Complete 
| 244|0x00000000ef400000, 0x00000000ef500000, 0x00000000ef500000|100%| E|CS|TAMS 0x00000000ef400000, 0x00000000ef400000| Complete 
| 245|0x00000000ef500000, 0x00000000ef600000, 0x00000000ef600000|100%| E|CS|TAMS 0x00000000ef500000, 0x00000000ef500000| Complete 
| 246|0x00000000ef600000, 0x00000000ef700000, 0x00000000ef700000|100%| E|CS|TAMS 0x00000000ef600000, 0x00000000ef600000| Complete 
| 247|0x00000000ef700000, 0x00000000ef800000, 0x00000000ef800000|100%| E|CS|TAMS 0x00000000ef700000, 0x00000000ef700000| Complete 
| 248|0x00000000ef800000, 0x00000000ef900000, 0x00000000ef900000|100%| E|CS|TAMS 0x00000000ef800000, 0x00000000ef800000| Complete 
| 249|0x00000000ef900000, 0x00000000efa00000, 0x00000000efa00000|100%| E|CS|TAMS 0x00000000ef900000, 0x00000000ef900000| Complete 
| 250|0x00000000efa00000, 0x00000000efb00000, 0x00000000efb00000|100%| E|CS|TAMS 0x00000000efa00000, 0x00000000efa00000| Complete 
| 251|0x00000000efb00000, 0x00000000efc00000, 0x00000000efc00000|100%| E|CS|TAMS 0x00000000efb00000, 0x00000000efb00000| Complete 
| 252|0x00000000efc00000, 0x00000000efd00000, 0x00000000efd00000|100%| E|CS|TAMS 0x00000000efc00000, 0x00000000efc00000| Complete 
| 253|0x00000000efd00000, 0x00000000efe00000, 0x00000000efe00000|100%| E|CS|TAMS 0x00000000efd00000, 0x00000000efd00000| Complete 
| 254|0x00000000efe00000, 0x00000000eff00000, 0x00000000eff00000|100%| E|CS|TAMS 0x00000000efe00000, 0x00000000efe00000| Complete 
| 255|0x00000000eff00000, 0x00000000f0000000, 0x00000000f0000000|100%| E|CS|TAMS 0x00000000eff00000, 0x00000000eff00000| Complete 

Card table byte_map: [0x000001bbd83f0000,0x000001bbd84f0000] _byte_map_base: 0x000001bbd7cf0000

Marking Bits (Prev, Next): (CMBitMap*) 0x000001bbc12ae9d0, (CMBitMap*) 0x000001bbc12ae990
 Prev Bits: [0x000001bbd8df0000, 0x000001bbd95f0000)
 Next Bits: [0x000001bbd85f0000, 0x000001bbd8df0000)

Polling page: 0x000001bbbf250000

Metaspace:

Usage:
  Non-class:     54.57 MB used.
      Class:      8.56 MB used.
       Both:     63.13 MB used.

Virtual space:
  Non-class space:       64.00 MB reserved,      55.00 MB ( 86%) committed,  1 nodes.
      Class space:      320.00 MB reserved,       9.00 MB (  3%) committed,  1 nodes.
             Both:      384.00 MB reserved,      64.00 MB ( 17%) committed. 

Chunk freelists:
   Non-Class:  8.17 MB
       Class:  6.88 MB
        Both:  15.05 MB

MaxMetaspaceSize: 384.00 MB
CompressedClassSpaceSize: 320.00 MB
Initial GC threshold: 21.00 MB
Current GC threshold: 99.00 MB
CDS: on
MetaspaceReclaimPolicy: balanced
 - commit_granule_bytes: 65536.
 - commit_granule_words: 8192.
 - virtual_space_node_default_size: 8388608.
 - enlarge_chunks_in_place: 1.
 - new_chunks_are_fully_committed: 0.
 - uncommit_free_chunks: 1.
 - use_allocation_guard: 0.
 - handle_deallocations: 1.


Internal statistics:

num_allocs_failed_limit: 12.
num_arena_births: 1312.
num_arena_deaths: 0.
num_vsnodes_births: 2.
num_vsnodes_deaths: 0.
num_space_committed: 1024.
num_space_uncommitted: 0.
num_chunks_returned_to_freelist: 12.
num_chunks_taken_from_freelist: 4406.
num_chunk_merges: 12.
num_chunk_splits: 2595.
num_chunks_enlarged: 1345.
num_inconsistent_stats: 0.

CodeHeap 'non-profiled nmethods': size=120000Kb used=11061Kb max_used=11061Kb free=108938Kb
 bounds [0x000001bbd0860000, 0x000001bbd1330000, 0x000001bbd7d90000]
CodeHeap 'profiled nmethods': size=120000Kb used=27549Kb max_used=27636Kb free=92451Kb
 bounds [0x000001bbc8d90000, 0x000001bbca8a0000, 0x000001bbd02c0000]
CodeHeap 'non-nmethods': size=5760Kb used=2334Kb max_used=2412Kb free=3425Kb
 bounds [0x000001bbd02c0000, 0x000001bbd0530000, 0x000001bbd0860000]
 total_blobs=14643 nmethods=13789 adapters=765
 compilation: enabled
              stopped_count=0, restarted_count=0
 full_count=0

Compilation events (20 events):
Event: 3641.578 Thread 0x000001bbdc290b00 nmethod 16884 0x000001bbd132a790 code [0x000001bbd132a900, 0x000001bbd132a998]
Event: 3641.612 Thread 0x000001bbdc290b00 16885       4       io.spring.gradle.dependencymanagement.org.codehaus.plexus.util.xml.pull.MXParser::getAttributeName (81 bytes)
Event: 3641.618 Thread 0x000001bbdc290b00 nmethod 16885 0x000001bbd132aa90 code [0x000001bbd132ac20, 0x000001bbd132ad38]
Event: 3641.669 Thread 0x000001bbdc290b00 16886       4       org.gradle.api.internal.artifacts.configurations.DefaultConfiguration::warnOnDeprecatedUsage (93 bytes)
Event: 3641.689 Thread 0x000001bbdc290b00 nmethod 16886 0x000001bbd132ae90 code [0x000001bbd132b040, 0x000001bbd132b398]
Event: 3641.893 Thread 0x000001bbdc290b00 16887   !   4       org.gradle.launcher.daemon.server.exec.LogToClient$AsynchronousLogDispatcher::dispatchAsync (33 bytes)
Event: 3641.906 Thread 0x000001bbdc290b00 nmethod 16887 0x000001bbd132b790 code [0x000001bbd132b920, 0x000001bbd132bae8]
Event: 3641.907 Thread 0x000001bbdc290b00 16888       4       org.gradle.launcher.daemon.protocol.DaemonMessageSerializer$OutputMessageSerializer::write (10 bytes)
Event: 3641.941 Thread 0x000001bbdc290b00 nmethod 16888 0x000001bbd132bc90 code [0x000001bbd132be80, 0x000001bbd132c370]
Event: 3642.252 Thread 0x000001bbdc290b00 16889       4       org.gradle.util.internal.DeferredUtil::unpackNestableDeferred (37 bytes)
Event: 3642.262 Thread 0x000001bbdc290b00 nmethod 16889 0x000001bbd132c990 code [0x000001bbd132cb20, 0x000001bbd132cca8]
Event: 3642.315 Thread 0x000001bbdc290b00 16890       4       java.util.Properties::entrySet (19 bytes)
Event: 3642.320 Thread 0x000001bbdc290b00 nmethod 16890 0x000001bbd132ce10 code [0x000001bbd132cfa0, 0x000001bbd132d3b8]
Event: 3642.367 Thread 0x000001bbdc290b00 16891       4       io.spring.gradle.dependencymanagement.org.apache.maven.model.io.xpp3.MavenXpp3Reader::parseDeveloper (517 bytes)
Event: 3642.975 Thread 0x000001bbdc292570 16896       3       org.gradle.api.internal.artifacts.ivyservice.resolveengine.graph.builder.EdgeState::computeExclusionsWhenExcludesPresent (28 bytes)
Event: 3642.978 Thread 0x000001bbdc292570 nmethod 16896 0x000001bbc995ee90 code [0x000001bbc995f060, 0x000001bbc995f378]
Event: 3643.004 Thread 0x000001bbdc292570 16897       3       org.gradle.api.internal.artifacts.ivyservice.resolveengine.graph.conflicts.DefaultCapabilitiesConflictHandler::candidate (11 bytes)
Event: 3643.010 Thread 0x000001bbdc292570 nmethod 16897 0x000001bbc8e8ae10 code [0x000001bbc8e8afc0, 0x000001bbc8e8b2d8]
Event: 3643.035 Thread 0x000001bbdc292570 16898 %     3       org.gradle.api.internal.artifacts.ivyservice.resolveengine.graph.builder.DependencyGraphBuilder::assembleResult @ 20 (492 bytes)
Event: 3643.051 Thread 0x000001bbdc292570 nmethod 16898% 0x000001bbca890890 code [0x000001bbca891000, 0x000001bbca895bc8]

GC Heap History (20 events):
Event: 333.060 GC heap before
{Heap before GC invocations=14 (full 0):
 garbage-first heap   total 262144K, used 61074K [0x00000000e0000000, 0x0000000100000000)
  region size 1024K, 13 young (13312K), 12 survivors (12288K)
 Metaspace       used 60950K, committed 61632K, reserved 393216K
  class space    used 8414K, committed 8768K, reserved 327680K
}
Event: 333.074 GC heap after
{Heap after GC invocations=15 (full 0):
 garbage-first heap   total 262144K, used 61398K [0x00000000e0000000, 0x0000000100000000)
  region size 1024K, 2 young (2048K), 2 survivors (2048K)
 Metaspace       used 60950K, committed 61632K, reserved 393216K
  class space    used 8414K, committed 8768K, reserved 327680K
}
Event: 337.349 GC heap before
{Heap before GC invocations=15 (full 0):
 garbage-first heap   total 262144K, used 204758K [0x00000000e0000000, 0x0000000100000000)
  region size 1024K, 143 young (146432K), 2 survivors (2048K)
 Metaspace       used 61354K, committed 62080K, reserved 393216K
  class space    used 8421K, committed 8832K, reserved 327680K
}
Event: 337.360 GC heap after
{Heap after GC invocations=16 (full 0):
 garbage-first heap   total 262144K, used 68212K [0x00000000e0000000, 0x0000000100000000)
  region size 1024K, 9 young (9216K), 9 survivors (9216K)
 Metaspace       used 61354K, committed 62080K, reserved 393216K
  class space    used 8421K, committed 8832K, reserved 327680K
}
Event: 453.914 GC heap before
{Heap before GC invocations=16 (full 0):
 garbage-first heap   total 262144K, used 206452K [0x00000000e0000000, 0x0000000100000000)
  region size 1024K, 145 young (148480K), 9 survivors (9216K)
 Metaspace       used 62157K, committed 62912K, reserved 393216K
  class space    used 8507K, committed 8896K, reserved 327680K
}
Event: 453.929 GC heap after
{Heap after GC invocations=17 (full 0):
 garbage-first heap   total 262144K, used 70614K [0x00000000e0000000, 0x0000000100000000)
  region size 1024K, 11 young (11264K), 11 survivors (11264K)
 Metaspace       used 62157K, committed 62912K, reserved 393216K
  class space    used 8507K, committed 8896K, reserved 327680K
}
Event: 608.858 GC heap before
{Heap before GC invocations=17 (full 0):
 garbage-first heap   total 262144K, used 206806K [0x00000000e0000000, 0x0000000100000000)
  region size 1024K, 145 young (148480K), 11 survivors (11264K)
 Metaspace       used 62672K, committed 63488K, reserved 393216K
  class space    used 8539K, committed 8960K, reserved 327680K
}
Event: 608.886 GC heap after
{Heap after GC invocations=18 (full 0):
 garbage-first heap   total 262144K, used 68498K [0x00000000e0000000, 0x0000000100000000)
  region size 1024K, 7 young (7168K), 7 survivors (7168K)
 Metaspace       used 62672K, committed 63488K, reserved 393216K
  class space    used 8539K, committed 8960K, reserved 327680K
}
Event: 612.800 GC heap before
{Heap before GC invocations=18 (full 0):
 garbage-first heap   total 262144K, used 208786K [0x00000000e0000000, 0x0000000100000000)
  region size 1024K, 144 young (147456K), 7 survivors (7168K)
 Metaspace       used 62915K, committed 63744K, reserved 393216K
  class space    used 8553K, committed 8960K, reserved 327680K
}
Event: 612.818 GC heap after
{Heap after GC invocations=19 (full 0):
 garbage-first heap   total 262144K, used 70110K [0x00000000e0000000, 0x0000000100000000)
  region size 1024K, 9 young (9216K), 9 survivors (9216K)
 Metaspace       used 62915K, committed 63744K, reserved 393216K
  class space    used 8553K, committed 8960K, reserved 327680K
}
Event: 2514.927 GC heap before
{Heap before GC invocations=19 (full 0):
 garbage-first heap   total 262144K, used 209374K [0x00000000e0000000, 0x0000000100000000)
  region size 1024K, 146 young (149504K), 9 survivors (9216K)
 Metaspace       used 63563K, committed 64448K, reserved 393216K
  class space    used 8636K, committed 9088K, reserved 327680K
}
Event: 2514.981 GC heap after
{Heap after GC invocations=20 (full 0):
 garbage-first heap   total 262144K, used 68940K [0x00000000e0000000, 0x0000000100000000)
  region size 1024K, 7 young (7168K), 7 survivors (7168K)
 Metaspace       used 63563K, committed 64448K, reserved 393216K
  class space    used 8636K, committed 9088K, reserved 327680K
}
Event: 2612.843 GC heap before
{Heap before GC invocations=20 (full 0):
 garbage-first heap   total 262144K, used 211276K [0x00000000e0000000, 0x0000000100000000)
  region size 1024K, 147 young (150528K), 7 survivors (7168K)
 Metaspace       used 63799K, committed 64640K, reserved 393216K
  class space    used 8655K, committed 9088K, reserved 327680K
}
Event: 2612.862 GC heap after
{Heap after GC invocations=21 (full 0):
 garbage-first heap   total 262144K, used 71270K [0x00000000e0000000, 0x0000000100000000)
  region size 1024K, 10 young (10240K), 10 survivors (10240K)
 Metaspace       used 63799K, committed 64640K, reserved 393216K
  class space    used 8655K, committed 9088K, reserved 327680K
}
Event: 2615.178 GC heap before
{Heap before GC invocations=21 (full 0):
 garbage-first heap   total 262144K, used 209510K [0x00000000e0000000, 0x0000000100000000)
  region size 1024K, 146 young (149504K), 10 survivors (10240K)
 Metaspace       used 63890K, committed 64768K, reserved 393216K
  class space    used 8661K, committed 9152K, reserved 327680K
}
Event: 2615.189 GC heap after
{Heap after GC invocations=22 (full 0):
 garbage-first heap   total 262144K, used 70968K [0x00000000e0000000, 0x0000000100000000)
  region size 1024K, 9 young (9216K), 9 survivors (9216K)
 Metaspace       used 63890K, committed 64768K, reserved 393216K
  class space    used 8661K, committed 9152K, reserved 327680K
}
Event: 3507.194 GC heap before
{Heap before GC invocations=22 (full 0):
 garbage-first heap   total 262144K, used 211256K [0x00000000e0000000, 0x0000000100000000)
  region size 1024K, 147 young (150528K), 9 survivors (9216K)
 Metaspace       used 64187K, committed 65088K, reserved 393216K
  class space    used 8702K, committed 9152K, reserved 327680K
}
Event: 3507.240 GC heap after
{Heap after GC invocations=23 (full 0):
 garbage-first heap   total 262144K, used 66378K [0x00000000e0000000, 0x0000000100000000)
  region size 1024K, 5 young (5120K), 5 survivors (5120K)
 Metaspace       used 64187K, committed 65088K, reserved 393216K
  class space    used 8702K, committed 9152K, reserved 327680K
}
Event: 3642.512 GC heap before
{Heap before GC invocations=23 (full 0):
 garbage-first heap   total 262144K, used 213834K [0x00000000e0000000, 0x0000000100000000)
  region size 1024K, 150 young (153600K), 5 survivors (5120K)
 Metaspace       used 64643K, committed 65536K, reserved 393216K
  class space    used 8761K, committed 9216K, reserved 327680K
}
Event: 3642.581 GC heap after
{Heap after GC invocations=24 (full 0):
 garbage-first heap   total 262144K, used 69347K [0x00000000e0000000, 0x0000000100000000)
  region size 1024K, 8 young (8192K), 8 survivors (8192K)
 Metaspace       used 64643K, committed 65536K, reserved 393216K
  class space    used 8761K, committed 9216K, reserved 327680K
}

Dll operation events (15 events):
Event: 0.039 Loaded shared library C:\Users\HP\.jdks\corretto-17.0.10\bin\java.dll
Event: 0.112 Loaded shared library C:\Users\HP\.jdks\corretto-17.0.10\bin\jsvml.dll
Event: 0.242 Loaded shared library C:\Users\HP\.jdks\corretto-17.0.10\bin\zip.dll
Event: 0.256 Loaded shared library C:\Users\HP\.jdks\corretto-17.0.10\bin\instrument.dll
Event: 0.270 Loaded shared library C:\Users\HP\.jdks\corretto-17.0.10\bin\net.dll
Event: 0.279 Loaded shared library C:\Users\HP\.jdks\corretto-17.0.10\bin\nio.dll
Event: 0.290 Loaded shared library C:\Users\HP\.jdks\corretto-17.0.10\bin\zip.dll
Event: 1.169 Loaded shared library C:\Users\HP\.jdks\corretto-17.0.10\bin\jimage.dll
Event: 1.504 Loaded shared library C:\Users\HP\.jdks\corretto-17.0.10\bin\verify.dll
Event: 2.468 Loaded shared library C:\Users\HP\.gradle\native\c067742578af261105cb4f569cf0c3c89f3d7b1fecec35dd04571415982c5e48\windows-amd64\native-platform.dll
Event: 2.491 Loaded shared library C:\Users\HP\.gradle\native\38dada09dfb8b06ba9b0570ebf7e218e3eb74d4ef43ca46872605cf95ebc2f47\windows-amd64\native-platform-file-events.dll
Event: 5.807 Loaded shared library C:\Users\HP\.jdks\corretto-17.0.10\bin\management.dll
Event: 5.817 Loaded shared library C:\Users\HP\.jdks\corretto-17.0.10\bin\management_ext.dll
Event: 7.589 Loaded shared library C:\Users\HP\.jdks\corretto-17.0.10\bin\extnet.dll
Event: 10.894 Loaded shared library C:\Users\HP\.jdks\corretto-17.0.10\bin\sunmscapi.dll

Deoptimization events (20 events):
Event: 3631.766 Thread 0x000001bbf9ced2e0 DEOPT PACKING pc=0x000001bbca0e07c4 sp=0x000000403f1f92c0
Event: 3631.768 Thread 0x000001bbf9ced2e0 DEOPT UNPACKING pc=0x000001bbd0317143 sp=0x000000403f1f87e0 mode 0
Event: 3638.878 Thread 0x000001bbf9ced2e0 Uncommon trap: trap_request=0xffffffc6 fr.pc=0x000001bbd1326c60 relative=0x0000000000000120
Event: 3638.881 Thread 0x000001bbf9ced2e0 Uncommon trap: reason=bimorphic_or_optimized_type_check action=maybe_recompile pc=0x000001bbd1326c60 method=org.gradle.api.internal.DefaultDomainObjectCollection.isEmpty()Z @ 1 c2
Event: 3638.882 Thread 0x000001bbf9ced2e0 DEOPT PACKING pc=0x000001bbd1326c60 sp=0x000000403f1f8b70
Event: 3638.886 Thread 0x000001bbf9ced2e0 DEOPT UNPACKING pc=0x000001bbd03169a3 sp=0x000000403f1f8b08 mode 2
Event: 3639.637 Thread 0x000001bbf9ced2e0 DEOPT PACKING pc=0x000001bbca421a97 sp=0x000000403f1f7bc0
Event: 3639.641 Thread 0x000001bbf9ced2e0 DEOPT UNPACKING pc=0x000001bbd0317143 sp=0x000000403f1f6f78 mode 0
Event: 3641.051 Thread 0x000001bbf9ced2e0 Uncommon trap: trap_request=0xffffffc6 fr.pc=0x000001bbd1326c60 relative=0x0000000000000120
Event: 3641.051 Thread 0x000001bbf9ced2e0 Uncommon trap: reason=bimorphic_or_optimized_type_check action=maybe_recompile pc=0x000001bbd1326c60 method=org.gradle.api.internal.DefaultDomainObjectCollection.isEmpty()Z @ 1 c2
Event: 3641.051 Thread 0x000001bbf9ced2e0 DEOPT PACKING pc=0x000001bbd1326c60 sp=0x000000403f1f9d20
Event: 3641.052 Thread 0x000001bbf9ced2e0 DEOPT UNPACKING pc=0x000001bbd03169a3 sp=0x000000403f1f9cb8 mode 2
Event: 3641.291 Thread 0x000001bbf9ced2e0 Uncommon trap: trap_request=0xffffffc6 fr.pc=0x000001bbd1326c60 relative=0x0000000000000120
Event: 3641.291 Thread 0x000001bbf9ced2e0 Uncommon trap: reason=bimorphic_or_optimized_type_check action=maybe_recompile pc=0x000001bbd1326c60 method=org.gradle.api.internal.DefaultDomainObjectCollection.isEmpty()Z @ 1 c2
Event: 3641.291 Thread 0x000001bbf9ced2e0 DEOPT PACKING pc=0x000001bbd1326c60 sp=0x000000403f1f9470
Event: 3641.291 Thread 0x000001bbf9ced2e0 DEOPT UNPACKING pc=0x000001bbd03169a3 sp=0x000000403f1f9408 mode 2
Event: 3641.313 Thread 0x000001bbf9ced2e0 Uncommon trap: trap_request=0xffffffc6 fr.pc=0x000001bbd1326c60 relative=0x0000000000000120
Event: 3641.313 Thread 0x000001bbf9ced2e0 Uncommon trap: reason=bimorphic_or_optimized_type_check action=maybe_recompile pc=0x000001bbd1326c60 method=org.gradle.api.internal.DefaultDomainObjectCollection.isEmpty()Z @ 1 c2
Event: 3641.313 Thread 0x000001bbf9ced2e0 DEOPT PACKING pc=0x000001bbd1326c60 sp=0x000000403f1f9470
Event: 3641.313 Thread 0x000001bbf9ced2e0 DEOPT UNPACKING pc=0x000001bbd03169a3 sp=0x000000403f1f9408 mode 2

Classes unloaded (0 events):
No events

Classes redefined (0 events):
No events

Internal exceptions (20 events):
Event: 3506.928 Thread 0x000001bbf7dc00b0 Exception <a 'java/lang/NoSuchMethodError'{0x00000000e6d40ae0}: static Lorg/gradle/tooling/internal/consumer/versioning/VersionDetails$R26VersionDetails;.<clinit>()V> (0x00000000e6d40ae0) 
thrown [s\src\hotspot\share\prims\jni.cpp, line 1107]
Event: 3506.928 Thread 0x000001bbf7dc00b0 Exception <a 'java/lang/NoSuchMethodError'{0x00000000e6d422b0}: static Lorg/gradle/tooling/internal/consumer/versioning/VersionDetails$R28VersionDetails;.<clinit>()V> (0x00000000e6d422b0) 
thrown [s\src\hotspot\share\prims\jni.cpp, line 1107]
Event: 3506.928 Thread 0x000001bbf7dc00b0 Exception <a 'java/lang/NoSuchMethodError'{0x00000000e6d437b8}: static Lorg/gradle/tooling/internal/consumer/versioning/VersionDetails$R35VersionDetails;.<clinit>()V> (0x00000000e6d437b8) 
thrown [s\src\hotspot\share\prims\jni.cpp, line 1107]
Event: 3506.928 Thread 0x000001bbf7dc00b0 Exception <a 'java/lang/NoSuchMethodError'{0x00000000e6d44e88}: static Lorg/gradle/tooling/internal/consumer/versioning/VersionDetails$R44VersionDetails;.<clinit>()V> (0x00000000e6d44e88) 
thrown [s\src\hotspot\share\prims\jni.cpp, line 1107]
Event: 3506.928 Thread 0x000001bbf7dc00b0 Exception <a 'java/lang/NoSuchMethodError'{0x00000000e6d46490}: static Lorg/gradle/tooling/internal/consumer/versioning/VersionDetails$R48VersionDetails;.<clinit>()V> (0x00000000e6d46490) 
thrown [s\src\hotspot\share\prims\jni.cpp, line 1107]
Event: 3506.928 Thread 0x000001bbf7dc00b0 Exception <a 'java/lang/NoSuchMethodError'{0x00000000e6d47938}: static Lorg/gradle/tooling/internal/consumer/versioning/VersionDetails$R51VersionDetails;.<clinit>()V> (0x00000000e6d47938) 
thrown [s\src\hotspot\share\prims\jni.cpp, line 1107]
Event: 3506.938 Thread 0x000001bbf7dc00b0 Exception <a 'java/lang/NoSuchMethodError'{0x00000000e6d58250}: static [Lorg/gradle/tooling/BuildAction;.<clinit>()V> (0x00000000e6d58250) 
thrown [s\src\hotspot\share\prims\jni.cpp, line 1107]
Event: 3506.946 Thread 0x000001bbf7dc00b0 Exception <a 'java/lang/NoSuchMethodError'{0x00000000e6d67da8}: static Lorg/eclipse/buildship/core/internal/workspace/TellGradleToRunSynchronizationTasks;.<clinit>()V> (0x00000000e6d67da8) 
thrown [s\src\hotspot\share\prims\jni.cpp, line 1107]
Event: 3507.606 Thread 0x000001bbf7dc00b0 Exception <a 'sun/nio/fs/WindowsException'{0x00000000efe15078}> (0x00000000efe15078) 
thrown [s\src\hotspot\share\prims\jni.cpp, line 516]
Event: 3507.609 Thread 0x000001bbf7dc00b0 Exception <a 'sun/nio/fs/WindowsException'{0x00000000efe167b0}> (0x00000000efe167b0) 
thrown [s\src\hotspot\share\prims\jni.cpp, line 516]
Event: 3507.611 Thread 0x000001bbf7dc00b0 Exception <a 'sun/nio/fs/WindowsException'{0x00000000efe17ee8}> (0x00000000efe17ee8) 
thrown [s\src\hotspot\share\prims\jni.cpp, line 516]
Event: 3507.613 Thread 0x000001bbf7dc00b0 Exception <a 'sun/nio/fs/WindowsException'{0x00000000efe195f8}> (0x00000000efe195f8) 
thrown [s\src\hotspot\share\prims\jni.cpp, line 516]
Event: 3508.496 Thread 0x000001bbf7dc00b0 Exception <a 'java/lang/NoClassDefFoundError'{0x00000000ef89c058}: org/jetbrains/kotlin/gradle/plugin/KotlinPluginWrapper> (0x00000000ef89c058) 
thrown [s\src\hotspot\share\oops\constantPool.cpp, line 835]
Event: 3508.496 Thread 0x000001bbf7dc00b0 Exception <a 'java/lang/NoClassDefFoundError'{0x00000000ef8c8d58}: org/graalvm/buildtools/gradle/NativeImagePlugin> (0x00000000ef8c8d58) 
thrown [s\src\hotspot\share\oops\constantPool.cpp, line 835]
Event: 3631.728 Thread 0x000001bbf9ced2e0 Exception <a 'sun/nio/fs/WindowsException'{0x00000000e8bd11f8}> (0x00000000e8bd11f8) 
thrown [s\src\hotspot\share\prims\jni.cpp, line 516]
Event: 3631.733 Thread 0x000001bbf9ced2e0 Exception <a 'sun/nio/fs/WindowsException'{0x00000000e8bd2930}> (0x00000000e8bd2930) 
thrown [s\src\hotspot\share\prims\jni.cpp, line 516]
Event: 3631.739 Thread 0x000001bbf9ced2e0 Exception <a 'sun/nio/fs/WindowsException'{0x00000000e8bd4068}> (0x00000000e8bd4068) 
thrown [s\src\hotspot\share\prims\jni.cpp, line 516]
Event: 3631.745 Thread 0x000001bbf9ced2e0 Exception <a 'sun/nio/fs/WindowsException'{0x00000000e8bd59d0}> (0x00000000e8bd59d0) 
thrown [s\src\hotspot\share\prims\jni.cpp, line 516]
Event: 3640.640 Thread 0x000001bbf9ced2e0 Exception <a 'java/lang/NoClassDefFoundError'{0x00000000e85ebdc8}: org/jetbrains/kotlin/gradle/plugin/KotlinPluginWrapper> (0x00000000e85ebdc8) 
thrown [s\src\hotspot\share\oops\constantPool.cpp, line 835]
Event: 3640.646 Thread 0x000001bbf9ced2e0 Exception <a 'java/lang/NoClassDefFoundError'{0x00000000e85f8158}: org/graalvm/buildtools/gradle/NativeImagePlugin> (0x00000000e85f8158) 
thrown [s\src\hotspot\share\oops\constantPool.cpp, line 835]

VM Operations (20 events):
Event: 3607.249 Executing VM operation: HandshakeAllThreads
Event: 3607.249 Executing VM operation: HandshakeAllThreads done
Event: 3631.426 Executing VM operation: Cleanup
Event: 3631.441 Executing VM operation: Cleanup done
Event: 3632.443 Executing VM operation: Cleanup
Event: 3632.475 Executing VM operation: Cleanup done
Event: 3636.505 Executing VM operation: Cleanup
Event: 3636.507 Executing VM operation: Cleanup done
Event: 3637.516 Executing VM operation: Cleanup
Event: 3637.562 Executing VM operation: Cleanup done
Event: 3639.582 Executing VM operation: Cleanup
Event: 3639.586 Executing VM operation: Cleanup done
Event: 3640.586 Executing VM operation: Cleanup
Event: 3640.588 Executing VM operation: Cleanup done
Event: 3641.599 Executing VM operation: Cleanup
Event: 3641.600 Executing VM operation: Cleanup done
Event: 3641.944 Executing VM operation: HandshakeAllThreads
Event: 3641.966 Executing VM operation: HandshakeAllThreads done
Event: 3642.503 Executing VM operation: G1CollectForAllocation
Event: 3642.582 Executing VM operation: G1CollectForAllocation done

Events (20 events):
Event: 3642.599 Thread 0x000001bbdc296e90 flushing nmethod 0x000001bbc9b25990
Event: 3642.613 Thread 0x000001bbf79d8a10 Thread added: 0x000001bbf79d8a10
Event: 3642.615 Thread 0x000001bbdc296e90 flushing nmethod 0x000001bbc9ba6c10
Event: 3642.615 Thread 0x000001bbdc296e90 flushing nmethod 0x000001bbc9ba7210
Event: 3642.620 Thread 0x000001bbdc296e90 flushing nmethod 0x000001bbc9bd7310
Event: 3642.620 Thread 0x000001bbdc296e90 flushing nmethod 0x000001bbc9bde010
Event: 3642.628 Thread 0x000001bbdc296e90 flushing nmethod 0x000001bbc9c3b990
Event: 3642.634 Thread 0x000001bbf79dc1c0 Thread added: 0x000001bbf79dc1c0
Event: 3642.638 Thread 0x000001bbdc296e90 flushing nmethod 0x000001bbc9c94a10
Event: 3642.659 Thread 0x000001bbf79d8f20 Thread added: 0x000001bbf79d8f20
Event: 3642.677 Thread 0x000001bbdc296e90 flushing nmethod 0x000001bbc9ef1810
Event: 3642.677 Thread 0x000001bbdc296e90 flushing nmethod 0x000001bbc9f05390
Event: 3642.679 Thread 0x000001bbdc296e90 flushing nmethod 0x000001bbc9f2db10
Event: 3642.679 Thread 0x000001bbdc296e90 flushing nmethod 0x000001bbc9f30490
Event: 3642.679 Thread 0x000001bbdc296e90 flushing nmethod 0x000001bbc9f43010
Event: 3642.680 Thread 0x000001bbdc296e90 flushing nmethod 0x000001bbc9f59690
Event: 3642.681 Thread 0x000001bbdc296e90 flushing nmethod 0x000001bbc9f68690
Event: 3642.684 Thread 0x000001bbf79dbcb0 Thread added: 0x000001bbf79dbcb0
Event: 3642.687 Thread 0x000001bbdc296e90 flushing nmethod 0x000001bbc9feaa10
Event: 3642.693 Thread 0x000001bbdc296e90 flushing nmethod 0x000001bbca081110


Dynamic libraries:
0x00007ff7f89b0000 - 0x00007ff7f89be000 	C:\Users\HP\.jdks\corretto-17.0.10\bin\java.exe
0x00007ffcbd9b0000 - 0x00007ffcbdbc6000 	C:\WINDOWS\SYSTEM32\ntdll.dll
0x00007ffcbd080000 - 0x00007ffcbd144000 	C:\WINDOWS\System32\KERNEL32.DLL
0x00007ffcbaf60000 - 0x00007ffcbb307000 	C:\WINDOWS\System32\KERNELBASE.dll
0x00007ffcbacd0000 - 0x00007ffcbade1000 	C:\WINDOWS\System32\ucrtbase.dll
0x00007ffcb0e90000 - 0x00007ffcb0ea7000 	C:\Users\HP\.jdks\corretto-17.0.10\bin\jli.dll
0x00007ffca1460000 - 0x00007ffca147b000 	C:\Users\HP\.jdks\corretto-17.0.10\bin\VCRUNTIME140.dll
0x00007ffcbd7c0000 - 0x00007ffcbd96e000 	C:\WINDOWS\System32\USER32.dll
0x00007ffcbaec0000 - 0x00007ffcbaee6000 	C:\WINDOWS\System32\win32u.dll
0x00007ffcbc230000 - 0x00007ffcbc259000 	C:\WINDOWS\System32\GDI32.dll
0x00007ffcbb5c0000 - 0x00007ffcbb6d9000 	C:\WINDOWS\System32\gdi32full.dll
0x00007ffcbae20000 - 0x00007ffcbaeba000 	C:\WINDOWS\System32\msvcp_win.dll
0x00007ffc99680000 - 0x00007ffc99913000 	C:\WINDOWS\WinSxS\amd64_microsoft.windows.common-controls_6595b64144ccf1df_6.0.22621.3235_none_270f74e173860f98\COMCTL32.dll
0x00007ffcbd150000 - 0x00007ffcbd1f7000 	C:\WINDOWS\System32\msvcrt.dll
0x00007ffcbd490000 - 0x00007ffcbd4c1000 	C:\WINDOWS\System32\IMM32.DLL
0x00007ffcb5ea0000 - 0x00007ffcb5eac000 	C:\Users\HP\.jdks\corretto-17.0.10\bin\vcruntime140_1.dll
0x00007ffc71400000 - 0x00007ffc7148d000 	C:\Users\HP\.jdks\corretto-17.0.10\bin\msvcp140.dll
0x00007ffc62c00000 - 0x00007ffc63862000 	C:\Users\HP\.jdks\corretto-17.0.10\bin\server\jvm.dll
0x00007ffcbd650000 - 0x00007ffcbd702000 	C:\WINDOWS\System32\ADVAPI32.dll
0x00007ffcbd710000 - 0x00007ffcbd7b8000 	C:\WINDOWS\System32\sechost.dll
0x00007ffcbadf0000 - 0x00007ffcbae18000 	C:\WINDOWS\System32\bcrypt.dll
0x00007ffcbc330000 - 0x00007ffcbc445000 	C:\WINDOWS\System32\RPCRT4.dll
0x00007ffcb2cc0000 - 0x00007ffcb2cf4000 	C:\WINDOWS\SYSTEM32\WINMM.dll
0x00007ffcba740000 - 0x00007ffcba78d000 	C:\WINDOWS\SYSTEM32\POWRPROF.dll
0x00007ffc9fe10000 - 0x00007ffc9fe19000 	C:\WINDOWS\SYSTEM32\WSOCK32.dll
0x00007ffcb9740000 - 0x00007ffcb974a000 	C:\WINDOWS\SYSTEM32\VERSION.dll
0x00007ffcbc460000 - 0x00007ffcbc4d1000 	C:\WINDOWS\System32\WS2_32.dll
0x00007ffcba630000 - 0x00007ffcba643000 	C:\WINDOWS\SYSTEM32\UMPDC.dll
0x00007ffcb9cf0000 - 0x00007ffcb9d08000 	C:\WINDOWS\SYSTEM32\kernel.appcore.dll
0x00007ffca2a50000 - 0x00007ffca2a5a000 	C:\Users\HP\.jdks\corretto-17.0.10\bin\jimage.dll
0x00007ffcb8590000 - 0x00007ffcb87c3000 	C:\WINDOWS\SYSTEM32\DBGHELP.DLL
0x00007ffcbbe90000 - 0x00007ffcbc218000 	C:\WINDOWS\System32\combase.dll
0x00007ffcbd4e0000 - 0x00007ffcbd5b7000 	C:\WINDOWS\System32\OLEAUT32.dll
0x00007ffca9c90000 - 0x00007ffca9cc2000 	C:\WINDOWS\SYSTEM32\dbgcore.DLL
0x00007ffcbb540000 - 0x00007ffcbb5b9000 	C:\WINDOWS\System32\bcryptPrimitives.dll
0x00007ffcb4e60000 - 0x00007ffcb4e6e000 	C:\Users\HP\.jdks\corretto-17.0.10\bin\instrument.dll
0x00007ffc742f0000 - 0x00007ffc74315000 	C:\Users\HP\.jdks\corretto-17.0.10\bin\java.dll
0x00007ffc65d70000 - 0x00007ffc65e47000 	C:\Users\HP\.jdks\corretto-17.0.10\bin\jsvml.dll
0x00007ffcbc4e0000 - 0x00007ffcbcd3c000 	C:\WINDOWS\System32\SHELL32.dll
0x00007ffcb8ab0000 - 0x00007ffcb93a9000 	C:\WINDOWS\SYSTEM32\windows.storage.dll
0x00007ffcb8970000 - 0x00007ffcb8aae000 	C:\WINDOWS\SYSTEM32\wintypes.dll
0x00007ffcbb6e0000 - 0x00007ffcbb7d3000 	C:\WINDOWS\System32\SHCORE.dll
0x00007ffcbc2d0000 - 0x00007ffcbc32e000 	C:\WINDOWS\System32\shlwapi.dll
0x00007ffcbac00000 - 0x00007ffcbac21000 	C:\WINDOWS\SYSTEM32\profapi.dll
0x00007ffca0790000 - 0x00007ffca07a8000 	C:\Users\HP\.jdks\corretto-17.0.10\bin\zip.dll
0x00007ffca08d0000 - 0x00007ffca08e9000 	C:\Users\HP\.jdks\corretto-17.0.10\bin\net.dll
0x00007ffcb4350000 - 0x00007ffcb4486000 	C:\WINDOWS\SYSTEM32\WINHTTP.dll
0x00007ffcba180000 - 0x00007ffcba1e9000 	C:\WINDOWS\system32\mswsock.dll
0x00007ffca08a0000 - 0x00007ffca08b6000 	C:\Users\HP\.jdks\corretto-17.0.10\bin\nio.dll
0x00007ffc8cc90000 - 0x00007ffc8cca0000 	C:\Users\HP\.jdks\corretto-17.0.10\bin\verify.dll
0x00007ffc68540000 - 0x00007ffc68567000 	C:\Users\HP\.gradle\native\c067742578af261105cb4f569cf0c3c89f3d7b1fecec35dd04571415982c5e48\windows-amd64\native-platform.dll
0x00007ffc90af0000 - 0x00007ffc90c34000 	C:\Users\HP\.gradle\native\38dada09dfb8b06ba9b0570ebf7e218e3eb74d4ef43ca46872605cf95ebc2f47\windows-amd64\native-platform-file-events.dll
0x00007ffc94200000 - 0x00007ffc94209000 	C:\Users\HP\.jdks\corretto-17.0.10\bin\management.dll
0x00007ffc90a70000 - 0x00007ffc90a7b000 	C:\Users\HP\.jdks\corretto-17.0.10\bin\management_ext.dll
0x00007ffcbc220000 - 0x00007ffcbc228000 	C:\WINDOWS\System32\PSAPI.DLL
0x00007ffcba3e0000 - 0x00007ffcba3fb000 	C:\WINDOWS\SYSTEM32\CRYPTSP.dll
0x00007ffcb9c50000 - 0x00007ffcb9c85000 	C:\WINDOWS\system32\rsaenh.dll
0x00007ffcba280000 - 0x00007ffcba2a8000 	C:\WINDOWS\SYSTEM32\USERENV.dll
0x00007ffcba400000 - 0x00007ffcba40c000 	C:\WINDOWS\SYSTEM32\CRYPTBASE.dll
0x00007ffcb9600000 - 0x00007ffcb962d000 	C:\WINDOWS\SYSTEM32\IPHLPAPI.DLL
0x00007ffcbc450000 - 0x00007ffcbc459000 	C:\WINDOWS\System32\NSI.dll
0x00007ffcb4630000 - 0x00007ffcb4649000 	C:\WINDOWS\SYSTEM32\dhcpcsvc6.DLL
0x00007ffcb4310000 - 0x00007ffcb432f000 	C:\WINDOWS\SYSTEM32\dhcpcsvc.DLL
0x00007ffcb9630000 - 0x00007ffcb9729000 	C:\WINDOWS\SYSTEM32\DNSAPI.dll
0x00007ffc8d0d0000 - 0x00007ffc8d0d9000 	C:\Users\HP\.jdks\corretto-17.0.10\bin\extnet.dll
0x00007ffc90940000 - 0x00007ffc9094e000 	C:\Users\HP\.jdks\corretto-17.0.10\bin\sunmscapi.dll
0x00007ffcbb310000 - 0x00007ffcbb477000 	C:\WINDOWS\System32\CRYPT32.dll
0x00007ffcba600000 - 0x00007ffcba62e000 	C:\WINDOWS\SYSTEM32\ncrypt.dll
0x00007ffcba5c0000 - 0x00007ffcba5f7000 	C:\WINDOWS\SYSTEM32\NTASN1.dll
0x00007ffc8d940000 - 0x00007ffc8d948000 	C:\WINDOWS\system32\wshunix.dll

dbghelp: loaded successfully - version: 4.0.5 - missing functions: none
symbol engine: initialized successfully - sym options: 0x614 - pdb path: .;C:\Users\HP\.jdks\corretto-17.0.10\bin;C:\WINDOWS\SYSTEM32;C:\WINDOWS\WinSxS\amd64_microsoft.windows.common-controls_6595b64144ccf1df_6.0.22621.3235_none_270f74e173860f98;C:\Users\HP\.jdks\corretto-17.0.10\bin\server;C:\Users\HP\.gradle\native\c067742578af261105cb4f569cf0c3c89f3d7b1fecec35dd04571415982c5e48\windows-amd64;C:\Users\HP\.gradle\native\38dada09dfb8b06ba9b0570ebf7e218e3eb74d4ef43ca46872605cf95ebc2f47\windows-amd64

VM Arguments:
jvm_args: --add-opens=java.base/java.util=ALL-UNNAMED --add-opens=java.base/java.lang=ALL-UNNAMED --add-opens=java.base/java.lang.invoke=ALL-UNNAMED --add-opens=java.prefs/java.util.prefs=ALL-UNNAMED --add-opens=java.base/java.nio.charset=ALL-UNNAMED --add-opens=java.base/java.net=ALL-UNNAMED --add-opens=java.base/java.util.concurrent.atomic=ALL-UNNAMED -XX:MaxMetaspaceSize=384m -XX:+HeapDumpOnOutOfMemoryError -Xms256m -Xmx512m -Dfile.encoding=utf8 -Duser.country=KR -Duser.language=ko -Duser.variant -javaagent:C:\Users\HP\.gradle\wrapper\dists\gradle-8.7-bin\bhs2wmbdwecv87pi65oeuq5iu\gradle-8.7\lib\agents\gradle-instrumentation-agent-8.7.jar 
java_command: org.gradle.launcher.daemon.bootstrap.GradleDaemon 8.7
java_class_path (initial): C:\Users\HP\.gradle\wrapper\dists\gradle-8.7-bin\bhs2wmbdwecv87pi65oeuq5iu\gradle-8.7\lib\gradle-launcher-8.7.jar
Launcher Type: SUN_STANDARD

[Global flags]
     intx CICompilerCount                          = 4                                         {product} {ergonomic}
   size_t CompressedClassSpaceSize                 = 335544320                                 {product} {ergonomic}
     uint ConcGCThreads                            = 3                                         {product} {ergonomic}
     uint G1ConcRefinementThreads                  = 10                                        {product} {ergonomic}
   size_t G1HeapRegionSize                         = 1048576                                   {product} {ergonomic}
    uintx GCDrainStackTargetSize                   = 64                                        {product} {ergonomic}
     bool HeapDumpOnOutOfMemoryError               = true                                   {manageable} {command line}
   size_t InitialHeapSize                          = 268435456                                 {product} {command line}
   size_t MarkStackSize                            = 4194304                                   {product} {ergonomic}
   size_t MaxHeapSize                              = 536870912                                 {product} {command line}
   size_t MaxMetaspaceSize                         = 402653184                                 {product} {command line}
   size_t MaxNewSize                               = 321912832                                 {product} {ergonomic}
   size_t MinHeapDeltaBytes                        = 1048576                                   {product} {ergonomic}
   size_t MinHeapSize                              = 268435456                                 {product} {command line}
    uintx NonNMethodCodeHeapSize                   = 5839372                                {pd product} {ergonomic}
    uintx NonProfiledCodeHeapSize                  = 122909434                              {pd product} {ergonomic}
    uintx ProfiledCodeHeapSize                     = 122909434                              {pd product} {ergonomic}
    uintx ReservedCodeCacheSize                    = 251658240                              {pd product} {ergonomic}
     bool SegmentedCodeCache                       = true                                      {product} {ergonomic}
   size_t SoftMaxHeapSize                          = 536870912                              {manageable} {ergonomic}
     bool UseCompressedClassPointers               = true                           {product lp64_product} {ergonomic}
     bool UseCompressedOops                        = true                           {product lp64_product} {ergonomic}
     bool UseG1GC                                  = true                                      {product} {ergonomic}
     bool UseLargePagesIndividualAllocation        = false                                  {pd product} {ergonomic}

Logging:
Log output configuration:
 #0: stdout all=warning uptime,level,tags
 #1: stderr all=off uptime,level,tags

Environment Variables:
JAVA_HOME=C:\Users\HP\.jdks\corretto-17.0.10
PATH=C:\Program Files\Eclipse Adoptium\jdk-21.0.2.13-hotspot\bin;C:\Program Files\Eclipse Adoptium\jdk-8.0.402.6-hotspot\bin;C:\DBNOTE\product\11.2.0\dbhome_1\bin;C:\Program Files\Java\jdk-17.0.4.1\bin;C:\WINDOWS\system32;C:\WINDOWS;C:\WINDOWS\System32\Wbem;C:\WINDOWS\System32\WindowsPowerShell\v1.0\;C:\WINDOWS\System32\OpenSSH\;C:\Program Files\Docker\Docker\resources\bin;C:\Program Files\Git\cmd;C:\Program Files\MongoDB\Server\7.0\bin;C:\Users\HP\AppData\Roaming\nvm;C:\Program Files\nodejs;C:\ProgramData\chocolatey\bin;C:\Users\HP\AppData\Local\Programs\Python\Python312\Scripts\;C:\Users\HP\AppData\Local\Programs\Python\Python312\;C:\Users\HP\AppData\Local\jdk-11.0.2\bin;C:\Program Files\MySQL\MySQL Server 8.0\bin\;C:\Users\HP\AppData\Local\Microsoft\WindowsApps;C:\Users\HP\AppData\Local\Programs\Microsoft VS Code\bin;C:\Users\HP\AppData\Local\Microsoft\WindowsApps;C:\Users\HP\AppData\Roaming\npm;C:\Users\HP\AppData\Roaming\nvm;C:\Program Files\nodejs
USERNAME=HP
OS=Windows_NT
PROCESSOR_IDENTIFIER=AMD64 Family 23 Model 96 Stepping 1, AuthenticAMD
TMP=C:\Users\HP\AppData\Local\Temp
TEMP=C:\Users\HP\AppData\Local\Temp



Periodic native trim disabled


---------------  S Y S T E M  ---------------

OS:
 Windows 11 , 64 bit Build 22621 (10.0.22621.3374)
OS uptime: 0 days 1:23 hours
Hyper-V role detected

CPU: total 12 (initial active 12) (12 cores per cpu, 2 threads per core) family 23 model 96 stepping 1 microcode 0x0, cx8, cmov, fxsr, ht, mmx, 3dnowpref, sse, sse2, sse3, ssse3, sse4a, sse4.1, sse4.2, popcnt, lzcnt, tsc, tscinvbit, avx, avx2, aes, clmul, bmi1, bmi2, adx, sha, fma, vzeroupper, clflush, clflushopt, hv
Processor Information for all 12 processors :
  Max Mhz: 2100, Current Mhz: 2100, Mhz Limit: 2100

Memory: 4k page, system-wide physical 7505M (121M free)
TotalPageFile size 30033M (AvailPageFile size 2M)
current process WorkingSet (physical memory assigned to process): 188M, peak: 406M
current process commit charge ("private bytes"): 542M, peak: 552M

vm_info: OpenJDK 64-Bit Server VM (17.0.10+7-LTS) for windows-amd64 JRE (17.0.10+7-LTS), built on Jan 10 2024 22:11:07 by "Administrator" with MS VC++ 16.10 / 16.11 (VS2019)

END.
